<?xml version="1.0" encoding="UTF-8" standalone="no"?>
<testsuite failures="8" name="cucumber.runtime.formatter.JUnitFormatter" skipped="0" tests="8" time="143.759628">
<testcase classname="To validate BookedIternary function in Adactin Application" name="BookedIternary Functionality" time="26.656927">
<failure message="io.github.bonigarcia.wdm.config.WebDriverManagerException: io.github.bonigarcia.wdm.config.WebDriverManagerException: Error HTTP 404 executing https://msedgewebdriverstorage.blob.core.windows.net/edgewebdriver/129.0.2792.76/edgedriver_win32.zip&#13;&#10;&#9;at io.github.bonigarcia.wdm.WebDriverManager.handleException(WebDriverManager.java:749)&#13;&#10;&#9;at io.github.bonigarcia.wdm.WebDriverManager.manage(WebDriverManager.java:555)&#13;&#10;&#9;at io.github.bonigarcia.wdm.WebDriverManager.handleException(WebDriverManager.java:746)&#13;&#10;&#9;at io.github.bonigarcia.wdm.WebDriverManager.manage(WebDriverManager.java:555)&#13;&#10;&#9;at io.github.bonigarcia.wdm.WebDriverManager.setup(WebDriverManager.java:285)&#13;&#10;&#9;at org.utility.BaseClass.launchBrowser(BaseClass.java:47)&#13;&#10;&#9;at org.stepdefinition.LoginFeature.user_launch_adactin_application_and_sees_home_page(LoginFeature.java:17)&#13;&#10;&#9;at ✽.User launch adactin application and sees home page(file:src/test/resources/FeatureFile/BookedIternary.feature:7)&#13;&#10;Caused by: io.github.bonigarcia.wdm.config.WebDriverManagerException: Error HTTP 404 executing https://msedgewebdriverstorage.blob.core.windows.net/edgewebdriver/129.0.2792.76/edgedriver_win32.zip&#13;&#10;&#9;at io.github.bonigarcia.wdm.online.HttpClient.execute(HttpClient.java:152)&#13;&#10;&#9;at io.github.bonigarcia.wdm.online.Downloader.downloadAndExtract(Downloader.java:131)&#13;&#10;&#9;at io.github.bonigarcia.wdm.online.Downloader.download(Downloader.java:88)&#13;&#10;&#9;at io.github.bonigarcia.wdm.WebDriverManager.download(WebDriverManager.java:630)&#13;&#10;&#9;at io.github.bonigarcia.wdm.WebDriverManager.manage(WebDriverManager.java:549)&#13;&#10;&#9;at io.github.bonigarcia.wdm.WebDriverManager.handleException(WebDriverManager.java:746)&#13;&#10;&#9;at io.github.bonigarcia.wdm.WebDriverManager.manage(WebDriverManager.java:555)&#13;&#10;&#9;at io.github.bonigarcia.wdm.WebDriverManager.setup(WebDriverManager.java:285)&#13;&#10;&#9;at org.utility.BaseClass.launchBrowser(BaseClass.java:47)&#13;&#10;&#9;at org.stepdefinition.LoginFeature.user_launch_adactin_application_and_sees_home_page(LoginFeature.java:17)&#13;&#10;&#9;at sun.reflect.NativeMethodAccessorImpl.invoke0(Native Method)&#13;&#10;&#9;at sun.reflect.NativeMethodAccessorImpl.invoke(NativeMethodAccessorImpl.java:62)&#13;&#10;&#9;at sun.reflect.DelegatingMethodAccessorImpl.invoke(DelegatingMethodAccessorImpl.java:43)&#13;&#10;&#9;at java.lang.reflect.Method.invoke(Method.java:498)&#13;&#10;&#9;at cucumber.runtime.Utils$1.call(Utils.java:26)&#13;&#10;&#9;at cucumber.runtime.Timeout.timeout(Timeout.java:16)&#13;&#10;&#9;at cucumber.runtime.Utils.invoke(Utils.java:20)&#13;&#10;&#9;at cucumber.runtime.java.JavaStepDefinition.execute(JavaStepDefinition.java:57)&#13;&#10;&#9;at cucumber.runner.PickleStepDefinitionMatch.runStep(PickleStepDefinitionMatch.java:50)&#13;&#10;&#9;at cucumber.runner.TestStep.executeStep(TestStep.java:65)&#13;&#10;&#9;at cucumber.runner.TestStep.run(TestStep.java:50)&#13;&#10;&#9;at cucumber.runner.PickleStepTestStep.run(PickleStepTestStep.java:43)&#13;&#10;&#9;at cucumber.runner.TestCase.run(TestCase.java:46)&#13;&#10;&#9;at cucumber.runner.Runner.runPickle(Runner.java:50)&#13;&#10;&#9;at io.cucumber.junit.PickleRunners$NoStepDescriptions.run(PickleRunners.java:146)&#13;&#10;&#9;at io.cucumber.junit.FeatureRunner.runChild(FeatureRunner.java:68)&#13;&#10;&#9;at io.cucumber.junit.FeatureRunner.runChild(FeatureRunner.java:23)&#13;&#10;&#9;at org.junit.runners.ParentRunner$3.run(ParentRunner.java:290)&#13;&#10;&#9;at org.junit.runners.ParentRunner$1.schedule(ParentRunner.java:71)&#13;&#10;&#9;at org.junit.runners.ParentRunner.runChildren(ParentRunner.java:288)&#13;&#10;&#9;at org.junit.runners.ParentRunner.access$000(ParentRunner.java:58)&#13;&#10;&#9;at org.junit.runners.ParentRunner$2.evaluate(ParentRunner.java:268)&#13;&#10;&#9;at org.junit.runners.ParentRunner.run(ParentRunner.java:363)&#13;&#10;&#9;at io.cucumber.junit.Cucumber.runChild(Cucumber.java:144)&#13;&#10;&#9;at io.cucumber.junit.Cucumber.runChild(Cucumber.java:65)&#13;&#10;&#9;at org.junit.runners.ParentRunner$3.run(ParentRunner.java:290)&#13;&#10;&#9;at org.junit.runners.ParentRunner$1.schedule(ParentRunner.java:71)&#13;&#10;&#9;at org.junit.runners.ParentRunner.runChildren(ParentRunner.java:288)&#13;&#10;&#9;at org.junit.runners.ParentRunner.access$000(ParentRunner.java:58)&#13;&#10;&#9;at org.junit.runners.ParentRunner$2.evaluate(ParentRunner.java:268)&#13;&#10;&#9;at io.cucumber.junit.Cucumber$RunCucumber.evaluate(Cucumber.java:174)&#13;&#10;&#9;at org.junit.internal.runners.statements.RunAfters.evaluate(RunAfters.java:27)&#13;&#10;&#9;at org.junit.runners.ParentRunner.run(ParentRunner.java:363)&#13;&#10;&#9;at org.eclipse.jdt.internal.junit4.runner.JUnit4TestReference.run(JUnit4TestReference.java:93)&#13;&#10;&#9;at org.eclipse.jdt.internal.junit.runner.TestExecution.run(TestExecution.java:40)&#13;&#10;&#9;at org.eclipse.jdt.internal.junit.runner.RemoteTestRunner.runTests(RemoteTestRunner.java:529)&#13;&#10;&#9;at org.eclipse.jdt.internal.junit.runner.RemoteTestRunner.runTests(RemoteTestRunner.java:756)&#13;&#10;&#9;at org.eclipse.jdt.internal.junit.runner.RemoteTestRunner.run(RemoteTestRunner.java:452)&#13;&#10;&#9;at org.eclipse.jdt.internal.junit.runner.RemoteTestRunner.main(RemoteTestRunner.java:210)&#13;&#10;"><![CDATA[Given User launch adactin application and sees home page....................failed
When User enters "username" and "password"..................................skipped
And User clicks Login button................................................skipped
And User clicks Booked Itinerary link.......................................skipped
Then User lands on Booked Itinerary page and Booked hotel history is stored to excel.skipped

StackTrace:
io.github.bonigarcia.wdm.config.WebDriverManagerException: io.github.bonigarcia.wdm.config.WebDriverManagerException: Error HTTP 404 executing https://msedgewebdriverstorage.blob.core.windows.net/edgewebdriver/129.0.2792.76/edgedriver_win32.zip
	at io.github.bonigarcia.wdm.WebDriverManager.handleException(WebDriverManager.java:749)
	at io.github.bonigarcia.wdm.WebDriverManager.manage(WebDriverManager.java:555)
	at io.github.bonigarcia.wdm.WebDriverManager.handleException(WebDriverManager.java:746)
	at io.github.bonigarcia.wdm.WebDriverManager.manage(WebDriverManager.java:555)
	at io.github.bonigarcia.wdm.WebDriverManager.setup(WebDriverManager.java:285)
	at org.utility.BaseClass.launchBrowser(BaseClass.java:47)
	at org.stepdefinition.LoginFeature.user_launch_adactin_application_and_sees_home_page(LoginFeature.java:17)
	at ✽.User launch adactin application and sees home page(file:src/test/resources/FeatureFile/BookedIternary.feature:7)
Caused by: io.github.bonigarcia.wdm.config.WebDriverManagerException: Error HTTP 404 executing https://msedgewebdriverstorage.blob.core.windows.net/edgewebdriver/129.0.2792.76/edgedriver_win32.zip
	at io.github.bonigarcia.wdm.online.HttpClient.execute(HttpClient.java:152)
	at io.github.bonigarcia.wdm.online.Downloader.downloadAndExtract(Downloader.java:131)
	at io.github.bonigarcia.wdm.online.Downloader.download(Downloader.java:88)
	at io.github.bonigarcia.wdm.WebDriverManager.download(WebDriverManager.java:630)
	at io.github.bonigarcia.wdm.WebDriverManager.manage(WebDriverManager.java:549)
	at io.github.bonigarcia.wdm.WebDriverManager.handleException(WebDriverManager.java:746)
	at io.github.bonigarcia.wdm.WebDriverManager.manage(WebDriverManager.java:555)
	at io.github.bonigarcia.wdm.WebDriverManager.setup(WebDriverManager.java:285)
	at org.utility.BaseClass.launchBrowser(BaseClass.java:47)
	at org.stepdefinition.LoginFeature.user_launch_adactin_application_and_sees_home_page(LoginFeature.java:17)
	at sun.reflect.NativeMethodAccessorImpl.invoke0(Native Method)
	at sun.reflect.NativeMethodAccessorImpl.invoke(NativeMethodAccessorImpl.java:62)
	at sun.reflect.DelegatingMethodAccessorImpl.invoke(DelegatingMethodAccessorImpl.java:43)
	at java.lang.reflect.Method.invoke(Method.java:498)
	at cucumber.runtime.Utils$1.call(Utils.java:26)
	at cucumber.runtime.Timeout.timeout(Timeout.java:16)
	at cucumber.runtime.Utils.invoke(Utils.java:20)
	at cucumber.runtime.java.JavaStepDefinition.execute(JavaStepDefinition.java:57)
	at cucumber.runner.PickleStepDefinitionMatch.runStep(PickleStepDefinitionMatch.java:50)
	at cucumber.runner.TestStep.executeStep(TestStep.java:65)
	at cucumber.runner.TestStep.run(TestStep.java:50)
	at cucumber.runner.PickleStepTestStep.run(PickleStepTestStep.java:43)
	at cucumber.runner.TestCase.run(TestCase.java:46)
	at cucumber.runner.Runner.runPickle(Runner.java:50)
	at io.cucumber.junit.PickleRunners$NoStepDescriptions.run(PickleRunners.java:146)
	at io.cucumber.junit.FeatureRunner.runChild(FeatureRunner.java:68)
	at io.cucumber.junit.FeatureRunner.runChild(FeatureRunner.java:23)
	at org.junit.runners.ParentRunner$3.run(ParentRunner.java:290)
	at org.junit.runners.ParentRunner$1.schedule(ParentRunner.java:71)
	at org.junit.runners.ParentRunner.runChildren(ParentRunner.java:288)
	at org.junit.runners.ParentRunner.access$000(ParentRunner.java:58)
	at org.junit.runners.ParentRunner$2.evaluate(ParentRunner.java:268)
	at org.junit.runners.ParentRunner.run(ParentRunner.java:363)
	at io.cucumber.junit.Cucumber.runChild(Cucumber.java:144)
	at io.cucumber.junit.Cucumber.runChild(Cucumber.java:65)
	at org.junit.runners.ParentRunner$3.run(ParentRunner.java:290)
	at org.junit.runners.ParentRunner$1.schedule(ParentRunner.java:71)
	at org.junit.runners.ParentRunner.runChildren(ParentRunner.java:288)
	at org.junit.runners.ParentRunner.access$000(ParentRunner.java:58)
	at org.junit.runners.ParentRunner$2.evaluate(ParentRunner.java:268)
	at io.cucumber.junit.Cucumber$RunCucumber.evaluate(Cucumber.java:174)
	at org.junit.internal.runners.statements.RunAfters.evaluate(RunAfters.java:27)
	at org.junit.runners.ParentRunner.run(ParentRunner.java:363)
	at org.eclipse.jdt.internal.junit4.runner.JUnit4TestReference.run(JUnit4TestReference.java:93)
	at org.eclipse.jdt.internal.junit.runner.TestExecution.run(TestExecution.java:40)
	at org.eclipse.jdt.internal.junit.runner.RemoteTestRunner.runTests(RemoteTestRunner.java:529)
	at org.eclipse.jdt.internal.junit.runner.RemoteTestRunner.runTests(RemoteTestRunner.java:756)
	at org.eclipse.jdt.internal.junit.runner.RemoteTestRunner.run(RemoteTestRunner.java:452)
	at org.eclipse.jdt.internal.junit.runner.RemoteTestRunner.main(RemoteTestRunner.java:210)
]]></failure>
</testcase>
<testcase classname="As a user i want to book a room in hotel" name="To validate Booking Functionality" time="21.871953">
<failure message="io.github.bonigarcia.wdm.config.WebDriverManagerException: io.github.bonigarcia.wdm.config.WebDriverManagerException: Error HTTP 404 executing https://msedgewebdriverstorage.blob.core.windows.net/edgewebdriver/129.0.2792.76/edgedriver_win32.zip&#13;&#10;&#9;at io.github.bonigarcia.wdm.WebDriverManager.handleException(WebDriverManager.java:749)&#13;&#10;&#9;at io.github.bonigarcia.wdm.WebDriverManager.manage(WebDriverManager.java:555)&#13;&#10;&#9;at io.github.bonigarcia.wdm.WebDriverManager.handleException(WebDriverManager.java:746)&#13;&#10;&#9;at io.github.bonigarcia.wdm.WebDriverManager.manage(WebDriverManager.java:555)&#13;&#10;&#9;at io.github.bonigarcia.wdm.WebDriverManager.setup(WebDriverManager.java:285)&#13;&#10;&#9;at org.utility.BaseClass.launchBrowser(BaseClass.java:47)&#13;&#10;&#9;at org.stepdefinition.LoginFeature.user_launch_adactin_application_and_sees_home_page(LoginFeature.java:17)&#13;&#10;&#9;at ✽.User launch adactin application and sees home page(file:src/test/resources/FeatureFile/Booking.feature:6)&#13;&#10;Caused by: io.github.bonigarcia.wdm.config.WebDriverManagerException: Error HTTP 404 executing https://msedgewebdriverstorage.blob.core.windows.net/edgewebdriver/129.0.2792.76/edgedriver_win32.zip&#13;&#10;&#9;at io.github.bonigarcia.wdm.online.HttpClient.execute(HttpClient.java:152)&#13;&#10;&#9;at io.github.bonigarcia.wdm.online.Downloader.downloadAndExtract(Downloader.java:131)&#13;&#10;&#9;at io.github.bonigarcia.wdm.online.Downloader.download(Downloader.java:88)&#13;&#10;&#9;at io.github.bonigarcia.wdm.WebDriverManager.download(WebDriverManager.java:630)&#13;&#10;&#9;at io.github.bonigarcia.wdm.WebDriverManager.manage(WebDriverManager.java:549)&#13;&#10;&#9;at io.github.bonigarcia.wdm.WebDriverManager.handleException(WebDriverManager.java:746)&#13;&#10;&#9;at io.github.bonigarcia.wdm.WebDriverManager.manage(WebDriverManager.java:555)&#13;&#10;&#9;at io.github.bonigarcia.wdm.WebDriverManager.setup(WebDriverManager.java:285)&#13;&#10;&#9;at org.utility.BaseClass.launchBrowser(BaseClass.java:47)&#13;&#10;&#9;at org.stepdefinition.LoginFeature.user_launch_adactin_application_and_sees_home_page(LoginFeature.java:17)&#13;&#10;&#9;at sun.reflect.NativeMethodAccessorImpl.invoke0(Native Method)&#13;&#10;&#9;at sun.reflect.NativeMethodAccessorImpl.invoke(NativeMethodAccessorImpl.java:62)&#13;&#10;&#9;at sun.reflect.DelegatingMethodAccessorImpl.invoke(DelegatingMethodAccessorImpl.java:43)&#13;&#10;&#9;at java.lang.reflect.Method.invoke(Method.java:498)&#13;&#10;&#9;at cucumber.runtime.Utils$1.call(Utils.java:26)&#13;&#10;&#9;at cucumber.runtime.Timeout.timeout(Timeout.java:16)&#13;&#10;&#9;at cucumber.runtime.Utils.invoke(Utils.java:20)&#13;&#10;&#9;at cucumber.runtime.java.JavaStepDefinition.execute(JavaStepDefinition.java:57)&#13;&#10;&#9;at cucumber.runner.PickleStepDefinitionMatch.runStep(PickleStepDefinitionMatch.java:50)&#13;&#10;&#9;at cucumber.runner.TestStep.executeStep(TestStep.java:65)&#13;&#10;&#9;at cucumber.runner.TestStep.run(TestStep.java:50)&#13;&#10;&#9;at cucumber.runner.PickleStepTestStep.run(PickleStepTestStep.java:43)&#13;&#10;&#9;at cucumber.runner.TestCase.run(TestCase.java:46)&#13;&#10;&#9;at cucumber.runner.Runner.runPickle(Runner.java:50)&#13;&#10;&#9;at io.cucumber.junit.PickleRunners$NoStepDescriptions.run(PickleRunners.java:146)&#13;&#10;&#9;at io.cucumber.junit.FeatureRunner.runChild(FeatureRunner.java:68)&#13;&#10;&#9;at io.cucumber.junit.FeatureRunner.runChild(FeatureRunner.java:23)&#13;&#10;&#9;at org.junit.runners.ParentRunner$3.run(ParentRunner.java:290)&#13;&#10;&#9;at org.junit.runners.ParentRunner$1.schedule(ParentRunner.java:71)&#13;&#10;&#9;at org.junit.runners.ParentRunner.runChildren(ParentRunner.java:288)&#13;&#10;&#9;at org.junit.runners.ParentRunner.access$000(ParentRunner.java:58)&#13;&#10;&#9;at org.junit.runners.ParentRunner$2.evaluate(ParentRunner.java:268)&#13;&#10;&#9;at org.junit.runners.ParentRunner.run(ParentRunner.java:363)&#13;&#10;&#9;at io.cucumber.junit.Cucumber.runChild(Cucumber.java:144)&#13;&#10;&#9;at io.cucumber.junit.Cucumber.runChild(Cucumber.java:65)&#13;&#10;&#9;at org.junit.runners.ParentRunner$3.run(ParentRunner.java:290)&#13;&#10;&#9;at org.junit.runners.ParentRunner$1.schedule(ParentRunner.java:71)&#13;&#10;&#9;at org.junit.runners.ParentRunner.runChildren(ParentRunner.java:288)&#13;&#10;&#9;at org.junit.runners.ParentRunner.access$000(ParentRunner.java:58)&#13;&#10;&#9;at org.junit.runners.ParentRunner$2.evaluate(ParentRunner.java:268)&#13;&#10;&#9;at io.cucumber.junit.Cucumber$RunCucumber.evaluate(Cucumber.java:174)&#13;&#10;&#9;at org.junit.internal.runners.statements.RunAfters.evaluate(RunAfters.java:27)&#13;&#10;&#9;at org.junit.runners.ParentRunner.run(ParentRunner.java:363)&#13;&#10;&#9;at org.eclipse.jdt.internal.junit4.runner.JUnit4TestReference.run(JUnit4TestReference.java:93)&#13;&#10;&#9;at org.eclipse.jdt.internal.junit.runner.TestExecution.run(TestExecution.java:40)&#13;&#10;&#9;at org.eclipse.jdt.internal.junit.runner.RemoteTestRunner.runTests(RemoteTestRunner.java:529)&#13;&#10;&#9;at org.eclipse.jdt.internal.junit.runner.RemoteTestRunner.runTests(RemoteTestRunner.java:756)&#13;&#10;&#9;at org.eclipse.jdt.internal.junit.runner.RemoteTestRunner.run(RemoteTestRunner.java:452)&#13;&#10;&#9;at org.eclipse.jdt.internal.junit.runner.RemoteTestRunner.main(RemoteTestRunner.java:210)&#13;&#10;"><![CDATA[Given User launch adactin application and sees home page....................failed
And User enters "username" and "password"...................................skipped
And User clicks Login button................................................skipped
And User selects location, hotel,roomtype and no of rooms...................skipped
And User selects checkin and checkout date..................................skipped
And User selects adults and childs per room.................................skipped
And User clicks search button...............................................skipped
And user should see results based on his selection and clicks continue button.skipped
When user enters firstName and LastName.....................................skipped

StackTrace:
io.github.bonigarcia.wdm.config.WebDriverManagerException: io.github.bonigarcia.wdm.config.WebDriverManagerException: Error HTTP 404 executing https://msedgewebdriverstorage.blob.core.windows.net/edgewebdriver/129.0.2792.76/edgedriver_win32.zip
	at io.github.bonigarcia.wdm.WebDriverManager.handleException(WebDriverManager.java:749)
	at io.github.bonigarcia.wdm.WebDriverManager.manage(WebDriverManager.java:555)
	at io.github.bonigarcia.wdm.WebDriverManager.handleException(WebDriverManager.java:746)
	at io.github.bonigarcia.wdm.WebDriverManager.manage(WebDriverManager.java:555)
	at io.github.bonigarcia.wdm.WebDriverManager.setup(WebDriverManager.java:285)
	at org.utility.BaseClass.launchBrowser(BaseClass.java:47)
	at org.stepdefinition.LoginFeature.user_launch_adactin_application_and_sees_home_page(LoginFeature.java:17)
	at ✽.User launch adactin application and sees home page(file:src/test/resources/FeatureFile/Booking.feature:6)
Caused by: io.github.bonigarcia.wdm.config.WebDriverManagerException: Error HTTP 404 executing https://msedgewebdriverstorage.blob.core.windows.net/edgewebdriver/129.0.2792.76/edgedriver_win32.zip
	at io.github.bonigarcia.wdm.online.HttpClient.execute(HttpClient.java:152)
	at io.github.bonigarcia.wdm.online.Downloader.downloadAndExtract(Downloader.java:131)
	at io.github.bonigarcia.wdm.online.Downloader.download(Downloader.java:88)
	at io.github.bonigarcia.wdm.WebDriverManager.download(WebDriverManager.java:630)
	at io.github.bonigarcia.wdm.WebDriverManager.manage(WebDriverManager.java:549)
	at io.github.bonigarcia.wdm.WebDriverManager.handleException(WebDriverManager.java:746)
	at io.github.bonigarcia.wdm.WebDriverManager.manage(WebDriverManager.java:555)
	at io.github.bonigarcia.wdm.WebDriverManager.setup(WebDriverManager.java:285)
	at org.utility.BaseClass.launchBrowser(BaseClass.java:47)
	at org.stepdefinition.LoginFeature.user_launch_adactin_application_and_sees_home_page(LoginFeature.java:17)
	at sun.reflect.NativeMethodAccessorImpl.invoke0(Native Method)
	at sun.reflect.NativeMethodAccessorImpl.invoke(NativeMethodAccessorImpl.java:62)
	at sun.reflect.DelegatingMethodAccessorImpl.invoke(DelegatingMethodAccessorImpl.java:43)
	at java.lang.reflect.Method.invoke(Method.java:498)
	at cucumber.runtime.Utils$1.call(Utils.java:26)
	at cucumber.runtime.Timeout.timeout(Timeout.java:16)
	at cucumber.runtime.Utils.invoke(Utils.java:20)
	at cucumber.runtime.java.JavaStepDefinition.execute(JavaStepDefinition.java:57)
	at cucumber.runner.PickleStepDefinitionMatch.runStep(PickleStepDefinitionMatch.java:50)
	at cucumber.runner.TestStep.executeStep(TestStep.java:65)
	at cucumber.runner.TestStep.run(TestStep.java:50)
	at cucumber.runner.PickleStepTestStep.run(PickleStepTestStep.java:43)
	at cucumber.runner.TestCase.run(TestCase.java:46)
	at cucumber.runner.Runner.runPickle(Runner.java:50)
	at io.cucumber.junit.PickleRunners$NoStepDescriptions.run(PickleRunners.java:146)
	at io.cucumber.junit.FeatureRunner.runChild(FeatureRunner.java:68)
	at io.cucumber.junit.FeatureRunner.runChild(FeatureRunner.java:23)
	at org.junit.runners.ParentRunner$3.run(ParentRunner.java:290)
	at org.junit.runners.ParentRunner$1.schedule(ParentRunner.java:71)
	at org.junit.runners.ParentRunner.runChildren(ParentRunner.java:288)
	at org.junit.runners.ParentRunner.access$000(ParentRunner.java:58)
	at org.junit.runners.ParentRunner$2.evaluate(ParentRunner.java:268)
	at org.junit.runners.ParentRunner.run(ParentRunner.java:363)
	at io.cucumber.junit.Cucumber.runChild(Cucumber.java:144)
	at io.cucumber.junit.Cucumber.runChild(Cucumber.java:65)
	at org.junit.runners.ParentRunner$3.run(ParentRunner.java:290)
	at org.junit.runners.ParentRunner$1.schedule(ParentRunner.java:71)
	at org.junit.runners.ParentRunner.runChildren(ParentRunner.java:288)
	at org.junit.runners.ParentRunner.access$000(ParentRunner.java:58)
	at org.junit.runners.ParentRunner$2.evaluate(ParentRunner.java:268)
	at io.cucumber.junit.Cucumber$RunCucumber.evaluate(Cucumber.java:174)
	at org.junit.internal.runners.statements.RunAfters.evaluate(RunAfters.java:27)
	at org.junit.runners.ParentRunner.run(ParentRunner.java:363)
	at org.eclipse.jdt.internal.junit4.runner.JUnit4TestReference.run(JUnit4TestReference.java:93)
	at org.eclipse.jdt.internal.junit.runner.TestExecution.run(TestExecution.java:40)
	at org.eclipse.jdt.internal.junit.runner.RemoteTestRunner.runTests(RemoteTestRunner.java:529)
	at org.eclipse.jdt.internal.junit.runner.RemoteTestRunner.runTests(RemoteTestRunner.java:756)
	at org.eclipse.jdt.internal.junit.runner.RemoteTestRunner.run(RemoteTestRunner.java:452)
	at org.eclipse.jdt.internal.junit.runner.RemoteTestRunner.main(RemoteTestRunner.java:210)
]]></failure>
</testcase>
<testcase classname="Login Feature" name="Login with valid credentials" time="18.916924">
<failure message="io.github.bonigarcia.wdm.config.WebDriverManagerException: io.github.bonigarcia.wdm.config.WebDriverManagerException: Error HTTP 404 executing https://msedgewebdriverstorage.blob.core.windows.net/edgewebdriver/129.0.2792.76/edgedriver_win32.zip&#13;&#10;&#9;at io.github.bonigarcia.wdm.WebDriverManager.handleException(WebDriverManager.java:749)&#13;&#10;&#9;at io.github.bonigarcia.wdm.WebDriverManager.manage(WebDriverManager.java:555)&#13;&#10;&#9;at io.github.bonigarcia.wdm.WebDriverManager.handleException(WebDriverManager.java:746)&#13;&#10;&#9;at io.github.bonigarcia.wdm.WebDriverManager.manage(WebDriverManager.java:555)&#13;&#10;&#9;at io.github.bonigarcia.wdm.WebDriverManager.setup(WebDriverManager.java:285)&#13;&#10;&#9;at org.utility.BaseClass.launchBrowser(BaseClass.java:47)&#13;&#10;&#9;at org.stepdefinition.LoginFeature.user_launch_adactin_application_and_sees_home_page(LoginFeature.java:17)&#13;&#10;&#9;at ✽.User launch adactin application and sees home page(file:src/test/resources/FeatureFile/Login.feature:9)&#13;&#10;Caused by: io.github.bonigarcia.wdm.config.WebDriverManagerException: Error HTTP 404 executing https://msedgewebdriverstorage.blob.core.windows.net/edgewebdriver/129.0.2792.76/edgedriver_win32.zip&#13;&#10;&#9;at io.github.bonigarcia.wdm.online.HttpClient.execute(HttpClient.java:152)&#13;&#10;&#9;at io.github.bonigarcia.wdm.online.Downloader.downloadAndExtract(Downloader.java:131)&#13;&#10;&#9;at io.github.bonigarcia.wdm.online.Downloader.download(Downloader.java:88)&#13;&#10;&#9;at io.github.bonigarcia.wdm.WebDriverManager.download(WebDriverManager.java:630)&#13;&#10;&#9;at io.github.bonigarcia.wdm.WebDriverManager.manage(WebDriverManager.java:549)&#13;&#10;&#9;at io.github.bonigarcia.wdm.WebDriverManager.handleException(WebDriverManager.java:746)&#13;&#10;&#9;at io.github.bonigarcia.wdm.WebDriverManager.manage(WebDriverManager.java:555)&#13;&#10;&#9;at io.github.bonigarcia.wdm.WebDriverManager.setup(WebDriverManager.java:285)&#13;&#10;&#9;at org.utility.BaseClass.launchBrowser(BaseClass.java:47)&#13;&#10;&#9;at org.stepdefinition.LoginFeature.user_launch_adactin_application_and_sees_home_page(LoginFeature.java:17)&#13;&#10;&#9;at sun.reflect.NativeMethodAccessorImpl.invoke0(Native Method)&#13;&#10;&#9;at sun.reflect.NativeMethodAccessorImpl.invoke(NativeMethodAccessorImpl.java:62)&#13;&#10;&#9;at sun.reflect.DelegatingMethodAccessorImpl.invoke(DelegatingMethodAccessorImpl.java:43)&#13;&#10;&#9;at java.lang.reflect.Method.invoke(Method.java:498)&#13;&#10;&#9;at cucumber.runtime.Utils$1.call(Utils.java:26)&#13;&#10;&#9;at cucumber.runtime.Timeout.timeout(Timeout.java:16)&#13;&#10;&#9;at cucumber.runtime.Utils.invoke(Utils.java:20)&#13;&#10;&#9;at cucumber.runtime.java.JavaStepDefinition.execute(JavaStepDefinition.java:57)&#13;&#10;&#9;at cucumber.runner.PickleStepDefinitionMatch.runStep(PickleStepDefinitionMatch.java:50)&#13;&#10;&#9;at cucumber.runner.TestStep.executeStep(TestStep.java:65)&#13;&#10;&#9;at cucumber.runner.TestStep.run(TestStep.java:50)&#13;&#10;&#9;at cucumber.runner.PickleStepTestStep.run(PickleStepTestStep.java:43)&#13;&#10;&#9;at cucumber.runner.TestCase.run(TestCase.java:46)&#13;&#10;&#9;at cucumber.runner.Runner.runPickle(Runner.java:50)&#13;&#10;&#9;at io.cucumber.junit.PickleRunners$NoStepDescriptions.run(PickleRunners.java:146)&#13;&#10;&#9;at io.cucumber.junit.FeatureRunner.runChild(FeatureRunner.java:68)&#13;&#10;&#9;at io.cucumber.junit.FeatureRunner.runChild(FeatureRunner.java:23)&#13;&#10;&#9;at org.junit.runners.ParentRunner$3.run(ParentRunner.java:290)&#13;&#10;&#9;at org.junit.runners.ParentRunner$1.schedule(ParentRunner.java:71)&#13;&#10;&#9;at org.junit.runners.ParentRunner.runChildren(ParentRunner.java:288)&#13;&#10;&#9;at org.junit.runners.ParentRunner.access$000(ParentRunner.java:58)&#13;&#10;&#9;at org.junit.runners.ParentRunner$2.evaluate(ParentRunner.java:268)&#13;&#10;&#9;at org.junit.runners.ParentRunner.run(ParentRunner.java:363)&#13;&#10;&#9;at io.cucumber.junit.Cucumber.runChild(Cucumber.java:144)&#13;&#10;&#9;at io.cucumber.junit.Cucumber.runChild(Cucumber.java:65)&#13;&#10;&#9;at org.junit.runners.ParentRunner$3.run(ParentRunner.java:290)&#13;&#10;&#9;at org.junit.runners.ParentRunner$1.schedule(ParentRunner.java:71)&#13;&#10;&#9;at org.junit.runners.ParentRunner.runChildren(ParentRunner.java:288)&#13;&#10;&#9;at org.junit.runners.ParentRunner.access$000(ParentRunner.java:58)&#13;&#10;&#9;at org.junit.runners.ParentRunner$2.evaluate(ParentRunner.java:268)&#13;&#10;&#9;at io.cucumber.junit.Cucumber$RunCucumber.evaluate(Cucumber.java:174)&#13;&#10;&#9;at org.junit.internal.runners.statements.RunAfters.evaluate(RunAfters.java:27)&#13;&#10;&#9;at org.junit.runners.ParentRunner.run(ParentRunner.java:363)&#13;&#10;&#9;at org.eclipse.jdt.internal.junit4.runner.JUnit4TestReference.run(JUnit4TestReference.java:93)&#13;&#10;&#9;at org.eclipse.jdt.internal.junit.runner.TestExecution.run(TestExecution.java:40)&#13;&#10;&#9;at org.eclipse.jdt.internal.junit.runner.RemoteTestRunner.runTests(RemoteTestRunner.java:529)&#13;&#10;&#9;at org.eclipse.jdt.internal.junit.runner.RemoteTestRunner.runTests(RemoteTestRunner.java:756)&#13;&#10;&#9;at org.eclipse.jdt.internal.junit.runner.RemoteTestRunner.run(RemoteTestRunner.java:452)&#13;&#10;&#9;at org.eclipse.jdt.internal.junit.runner.RemoteTestRunner.main(RemoteTestRunner.java:210)&#13;&#10;"><![CDATA[Given User launch adactin application and sees home page....................failed
When User enters "username" and "password"..................................skipped
And User clicks Login button................................................skipped
Then User successfully login to his account.................................skipped

StackTrace:
io.github.bonigarcia.wdm.config.WebDriverManagerException: io.github.bonigarcia.wdm.config.WebDriverManagerException: Error HTTP 404 executing https://msedgewebdriverstorage.blob.core.windows.net/edgewebdriver/129.0.2792.76/edgedriver_win32.zip
	at io.github.bonigarcia.wdm.WebDriverManager.handleException(WebDriverManager.java:749)
	at io.github.bonigarcia.wdm.WebDriverManager.manage(WebDriverManager.java:555)
	at io.github.bonigarcia.wdm.WebDriverManager.handleException(WebDriverManager.java:746)
	at io.github.bonigarcia.wdm.WebDriverManager.manage(WebDriverManager.java:555)
	at io.github.bonigarcia.wdm.WebDriverManager.setup(WebDriverManager.java:285)
	at org.utility.BaseClass.launchBrowser(BaseClass.java:47)
	at org.stepdefinition.LoginFeature.user_launch_adactin_application_and_sees_home_page(LoginFeature.java:17)
	at ✽.User launch adactin application and sees home page(file:src/test/resources/FeatureFile/Login.feature:9)
Caused by: io.github.bonigarcia.wdm.config.WebDriverManagerException: Error HTTP 404 executing https://msedgewebdriverstorage.blob.core.windows.net/edgewebdriver/129.0.2792.76/edgedriver_win32.zip
	at io.github.bonigarcia.wdm.online.HttpClient.execute(HttpClient.java:152)
	at io.github.bonigarcia.wdm.online.Downloader.downloadAndExtract(Downloader.java:131)
	at io.github.bonigarcia.wdm.online.Downloader.download(Downloader.java:88)
	at io.github.bonigarcia.wdm.WebDriverManager.download(WebDriverManager.java:630)
	at io.github.bonigarcia.wdm.WebDriverManager.manage(WebDriverManager.java:549)
	at io.github.bonigarcia.wdm.WebDriverManager.handleException(WebDriverManager.java:746)
	at io.github.bonigarcia.wdm.WebDriverManager.manage(WebDriverManager.java:555)
	at io.github.bonigarcia.wdm.WebDriverManager.setup(WebDriverManager.java:285)
	at org.utility.BaseClass.launchBrowser(BaseClass.java:47)
	at org.stepdefinition.LoginFeature.user_launch_adactin_application_and_sees_home_page(LoginFeature.java:17)
	at sun.reflect.NativeMethodAccessorImpl.invoke0(Native Method)
	at sun.reflect.NativeMethodAccessorImpl.invoke(NativeMethodAccessorImpl.java:62)
	at sun.reflect.DelegatingMethodAccessorImpl.invoke(DelegatingMethodAccessorImpl.java:43)
	at java.lang.reflect.Method.invoke(Method.java:498)
	at cucumber.runtime.Utils$1.call(Utils.java:26)
	at cucumber.runtime.Timeout.timeout(Timeout.java:16)
	at cucumber.runtime.Utils.invoke(Utils.java:20)
	at cucumber.runtime.java.JavaStepDefinition.execute(JavaStepDefinition.java:57)
	at cucumber.runner.PickleStepDefinitionMatch.runStep(PickleStepDefinitionMatch.java:50)
	at cucumber.runner.TestStep.executeStep(TestStep.java:65)
	at cucumber.runner.TestStep.run(TestStep.java:50)
	at cucumber.runner.PickleStepTestStep.run(PickleStepTestStep.java:43)
	at cucumber.runner.TestCase.run(TestCase.java:46)
	at cucumber.runner.Runner.runPickle(Runner.java:50)
	at io.cucumber.junit.PickleRunners$NoStepDescriptions.run(PickleRunners.java:146)
	at io.cucumber.junit.FeatureRunner.runChild(FeatureRunner.java:68)
	at io.cucumber.junit.FeatureRunner.runChild(FeatureRunner.java:23)
	at org.junit.runners.ParentRunner$3.run(ParentRunner.java:290)
	at org.junit.runners.ParentRunner$1.schedule(ParentRunner.java:71)
	at org.junit.runners.ParentRunner.runChildren(ParentRunner.java:288)
	at org.junit.runners.ParentRunner.access$000(ParentRunner.java:58)
	at org.junit.runners.ParentRunner$2.evaluate(ParentRunner.java:268)
	at org.junit.runners.ParentRunner.run(ParentRunner.java:363)
	at io.cucumber.junit.Cucumber.runChild(Cucumber.java:144)
	at io.cucumber.junit.Cucumber.runChild(Cucumber.java:65)
	at org.junit.runners.ParentRunner$3.run(ParentRunner.java:290)
	at org.junit.runners.ParentRunner$1.schedule(ParentRunner.java:71)
	at org.junit.runners.ParentRunner.runChildren(ParentRunner.java:288)
	at org.junit.runners.ParentRunner.access$000(ParentRunner.java:58)
	at org.junit.runners.ParentRunner$2.evaluate(ParentRunner.java:268)
	at io.cucumber.junit.Cucumber$RunCucumber.evaluate(Cucumber.java:174)
	at org.junit.internal.runners.statements.RunAfters.evaluate(RunAfters.java:27)
	at org.junit.runners.ParentRunner.run(ParentRunner.java:363)
	at org.eclipse.jdt.internal.junit4.runner.JUnit4TestReference.run(JUnit4TestReference.java:93)
	at org.eclipse.jdt.internal.junit.runner.TestExecution.run(TestExecution.java:40)
	at org.eclipse.jdt.internal.junit.runner.RemoteTestRunner.runTests(RemoteTestRunner.java:529)
	at org.eclipse.jdt.internal.junit.runner.RemoteTestRunner.runTests(RemoteTestRunner.java:756)
	at org.eclipse.jdt.internal.junit.runner.RemoteTestRunner.run(RemoteTestRunner.java:452)
	at org.eclipse.jdt.internal.junit.runner.RemoteTestRunner.main(RemoteTestRunner.java:210)
]]></failure>
</testcase>
<testcase classname="Login Feature" name="Login with invalid credentials" time="10.816027">
<failure message="io.github.bonigarcia.wdm.config.WebDriverManagerException: io.github.bonigarcia.wdm.config.WebDriverManagerException: Error HTTP 404 executing https://msedgewebdriverstorage.blob.core.windows.net/edgewebdriver/129.0.2792.76/edgedriver_win32.zip&#13;&#10;&#9;at io.github.bonigarcia.wdm.WebDriverManager.handleException(WebDriverManager.java:749)&#13;&#10;&#9;at io.github.bonigarcia.wdm.WebDriverManager.manage(WebDriverManager.java:555)&#13;&#10;&#9;at io.github.bonigarcia.wdm.WebDriverManager.handleException(WebDriverManager.java:746)&#13;&#10;&#9;at io.github.bonigarcia.wdm.WebDriverManager.manage(WebDriverManager.java:555)&#13;&#10;&#9;at io.github.bonigarcia.wdm.WebDriverManager.setup(WebDriverManager.java:285)&#13;&#10;&#9;at org.utility.BaseClass.launchBrowser(BaseClass.java:47)&#13;&#10;&#9;at org.stepdefinition.LoginFeature.user_launch_adactin_application_and_sees_home_page(LoginFeature.java:17)&#13;&#10;&#9;at ✽.User launch adactin application and sees home page(file:src/test/resources/FeatureFile/Login.feature:9)&#13;&#10;Caused by: io.github.bonigarcia.wdm.config.WebDriverManagerException: Error HTTP 404 executing https://msedgewebdriverstorage.blob.core.windows.net/edgewebdriver/129.0.2792.76/edgedriver_win32.zip&#13;&#10;&#9;at io.github.bonigarcia.wdm.online.HttpClient.execute(HttpClient.java:152)&#13;&#10;&#9;at io.github.bonigarcia.wdm.online.Downloader.downloadAndExtract(Downloader.java:131)&#13;&#10;&#9;at io.github.bonigarcia.wdm.online.Downloader.download(Downloader.java:88)&#13;&#10;&#9;at io.github.bonigarcia.wdm.WebDriverManager.download(WebDriverManager.java:630)&#13;&#10;&#9;at io.github.bonigarcia.wdm.WebDriverManager.manage(WebDriverManager.java:549)&#13;&#10;&#9;at io.github.bonigarcia.wdm.WebDriverManager.handleException(WebDriverManager.java:746)&#13;&#10;&#9;at io.github.bonigarcia.wdm.WebDriverManager.manage(WebDriverManager.java:555)&#13;&#10;&#9;at io.github.bonigarcia.wdm.WebDriverManager.setup(WebDriverManager.java:285)&#13;&#10;&#9;at org.utility.BaseClass.launchBrowser(BaseClass.java:47)&#13;&#10;&#9;at org.stepdefinition.LoginFeature.user_launch_adactin_application_and_sees_home_page(LoginFeature.java:17)&#13;&#10;&#9;at sun.reflect.NativeMethodAccessorImpl.invoke0(Native Method)&#13;&#10;&#9;at sun.reflect.NativeMethodAccessorImpl.invoke(NativeMethodAccessorImpl.java:62)&#13;&#10;&#9;at sun.reflect.DelegatingMethodAccessorImpl.invoke(DelegatingMethodAccessorImpl.java:43)&#13;&#10;&#9;at java.lang.reflect.Method.invoke(Method.java:498)&#13;&#10;&#9;at cucumber.runtime.Utils$1.call(Utils.java:26)&#13;&#10;&#9;at cucumber.runtime.Timeout.timeout(Timeout.java:16)&#13;&#10;&#9;at cucumber.runtime.Utils.invoke(Utils.java:20)&#13;&#10;&#9;at cucumber.runtime.java.JavaStepDefinition.execute(JavaStepDefinition.java:57)&#13;&#10;&#9;at cucumber.runner.PickleStepDefinitionMatch.runStep(PickleStepDefinitionMatch.java:50)&#13;&#10;&#9;at cucumber.runner.TestStep.executeStep(TestStep.java:65)&#13;&#10;&#9;at cucumber.runner.TestStep.run(TestStep.java:50)&#13;&#10;&#9;at cucumber.runner.PickleStepTestStep.run(PickleStepTestStep.java:43)&#13;&#10;&#9;at cucumber.runner.TestCase.run(TestCase.java:46)&#13;&#10;&#9;at cucumber.runner.Runner.runPickle(Runner.java:50)&#13;&#10;&#9;at io.cucumber.junit.PickleRunners$NoStepDescriptions.run(PickleRunners.java:146)&#13;&#10;&#9;at io.cucumber.junit.FeatureRunner.runChild(FeatureRunner.java:68)&#13;&#10;&#9;at io.cucumber.junit.FeatureRunner.runChild(FeatureRunner.java:23)&#13;&#10;&#9;at org.junit.runners.ParentRunner$3.run(ParentRunner.java:290)&#13;&#10;&#9;at org.junit.runners.ParentRunner$1.schedule(ParentRunner.java:71)&#13;&#10;&#9;at org.junit.runners.ParentRunner.runChildren(ParentRunner.java:288)&#13;&#10;&#9;at org.junit.runners.ParentRunner.access$000(ParentRunner.java:58)&#13;&#10;&#9;at org.junit.runners.ParentRunner$2.evaluate(ParentRunner.java:268)&#13;&#10;&#9;at org.junit.runners.ParentRunner.run(ParentRunner.java:363)&#13;&#10;&#9;at io.cucumber.junit.Cucumber.runChild(Cucumber.java:144)&#13;&#10;&#9;at io.cucumber.junit.Cucumber.runChild(Cucumber.java:65)&#13;&#10;&#9;at org.junit.runners.ParentRunner$3.run(ParentRunner.java:290)&#13;&#10;&#9;at org.junit.runners.ParentRunner$1.schedule(ParentRunner.java:71)&#13;&#10;&#9;at org.junit.runners.ParentRunner.runChildren(ParentRunner.java:288)&#13;&#10;&#9;at org.junit.runners.ParentRunner.access$000(ParentRunner.java:58)&#13;&#10;&#9;at org.junit.runners.ParentRunner$2.evaluate(ParentRunner.java:268)&#13;&#10;&#9;at io.cucumber.junit.Cucumber$RunCucumber.evaluate(Cucumber.java:174)&#13;&#10;&#9;at org.junit.internal.runners.statements.RunAfters.evaluate(RunAfters.java:27)&#13;&#10;&#9;at org.junit.runners.ParentRunner.run(ParentRunner.java:363)&#13;&#10;&#9;at org.eclipse.jdt.internal.junit4.runner.JUnit4TestReference.run(JUnit4TestReference.java:93)&#13;&#10;&#9;at org.eclipse.jdt.internal.junit.runner.TestExecution.run(TestExecution.java:40)&#13;&#10;&#9;at org.eclipse.jdt.internal.junit.runner.RemoteTestRunner.runTests(RemoteTestRunner.java:529)&#13;&#10;&#9;at org.eclipse.jdt.internal.junit.runner.RemoteTestRunner.runTests(RemoteTestRunner.java:756)&#13;&#10;&#9;at org.eclipse.jdt.internal.junit.runner.RemoteTestRunner.run(RemoteTestRunner.java:452)&#13;&#10;&#9;at org.eclipse.jdt.internal.junit.runner.RemoteTestRunner.main(RemoteTestRunner.java:210)&#13;&#10;"><![CDATA[Given User launch adactin application and sees home page....................failed
When User enter "avaca" and "aefe"..........................................skipped
And User clicks Login button................................................skipped
Then User sees error message for unsuccesfull login attempt.................skipped

StackTrace:
io.github.bonigarcia.wdm.config.WebDriverManagerException: io.github.bonigarcia.wdm.config.WebDriverManagerException: Error HTTP 404 executing https://msedgewebdriverstorage.blob.core.windows.net/edgewebdriver/129.0.2792.76/edgedriver_win32.zip
	at io.github.bonigarcia.wdm.WebDriverManager.handleException(WebDriverManager.java:749)
	at io.github.bonigarcia.wdm.WebDriverManager.manage(WebDriverManager.java:555)
	at io.github.bonigarcia.wdm.WebDriverManager.handleException(WebDriverManager.java:746)
	at io.github.bonigarcia.wdm.WebDriverManager.manage(WebDriverManager.java:555)
	at io.github.bonigarcia.wdm.WebDriverManager.setup(WebDriverManager.java:285)
	at org.utility.BaseClass.launchBrowser(BaseClass.java:47)
	at org.stepdefinition.LoginFeature.user_launch_adactin_application_and_sees_home_page(LoginFeature.java:17)
	at ✽.User launch adactin application and sees home page(file:src/test/resources/FeatureFile/Login.feature:9)
Caused by: io.github.bonigarcia.wdm.config.WebDriverManagerException: Error HTTP 404 executing https://msedgewebdriverstorage.blob.core.windows.net/edgewebdriver/129.0.2792.76/edgedriver_win32.zip
	at io.github.bonigarcia.wdm.online.HttpClient.execute(HttpClient.java:152)
	at io.github.bonigarcia.wdm.online.Downloader.downloadAndExtract(Downloader.java:131)
	at io.github.bonigarcia.wdm.online.Downloader.download(Downloader.java:88)
	at io.github.bonigarcia.wdm.WebDriverManager.download(WebDriverManager.java:630)
	at io.github.bonigarcia.wdm.WebDriverManager.manage(WebDriverManager.java:549)
	at io.github.bonigarcia.wdm.WebDriverManager.handleException(WebDriverManager.java:746)
	at io.github.bonigarcia.wdm.WebDriverManager.manage(WebDriverManager.java:555)
	at io.github.bonigarcia.wdm.WebDriverManager.setup(WebDriverManager.java:285)
	at org.utility.BaseClass.launchBrowser(BaseClass.java:47)
	at org.stepdefinition.LoginFeature.user_launch_adactin_application_and_sees_home_page(LoginFeature.java:17)
	at sun.reflect.NativeMethodAccessorImpl.invoke0(Native Method)
	at sun.reflect.NativeMethodAccessorImpl.invoke(NativeMethodAccessorImpl.java:62)
	at sun.reflect.DelegatingMethodAccessorImpl.invoke(DelegatingMethodAccessorImpl.java:43)
	at java.lang.reflect.Method.invoke(Method.java:498)
	at cucumber.runtime.Utils$1.call(Utils.java:26)
	at cucumber.runtime.Timeout.timeout(Timeout.java:16)
	at cucumber.runtime.Utils.invoke(Utils.java:20)
	at cucumber.runtime.java.JavaStepDefinition.execute(JavaStepDefinition.java:57)
	at cucumber.runner.PickleStepDefinitionMatch.runStep(PickleStepDefinitionMatch.java:50)
	at cucumber.runner.TestStep.executeStep(TestStep.java:65)
	at cucumber.runner.TestStep.run(TestStep.java:50)
	at cucumber.runner.PickleStepTestStep.run(PickleStepTestStep.java:43)
	at cucumber.runner.TestCase.run(TestCase.java:46)
	at cucumber.runner.Runner.runPickle(Runner.java:50)
	at io.cucumber.junit.PickleRunners$NoStepDescriptions.run(PickleRunners.java:146)
	at io.cucumber.junit.FeatureRunner.runChild(FeatureRunner.java:68)
	at io.cucumber.junit.FeatureRunner.runChild(FeatureRunner.java:23)
	at org.junit.runners.ParentRunner$3.run(ParentRunner.java:290)
	at org.junit.runners.ParentRunner$1.schedule(ParentRunner.java:71)
	at org.junit.runners.ParentRunner.runChildren(ParentRunner.java:288)
	at org.junit.runners.ParentRunner.access$000(ParentRunner.java:58)
	at org.junit.runners.ParentRunner$2.evaluate(ParentRunner.java:268)
	at org.junit.runners.ParentRunner.run(ParentRunner.java:363)
	at io.cucumber.junit.Cucumber.runChild(Cucumber.java:144)
	at io.cucumber.junit.Cucumber.runChild(Cucumber.java:65)
	at org.junit.runners.ParentRunner$3.run(ParentRunner.java:290)
	at org.junit.runners.ParentRunner$1.schedule(ParentRunner.java:71)
	at org.junit.runners.ParentRunner.runChildren(ParentRunner.java:288)
	at org.junit.runners.ParentRunner.access$000(ParentRunner.java:58)
	at org.junit.runners.ParentRunner$2.evaluate(ParentRunner.java:268)
	at io.cucumber.junit.Cucumber$RunCucumber.evaluate(Cucumber.java:174)
	at org.junit.internal.runners.statements.RunAfters.evaluate(RunAfters.java:27)
	at org.junit.runners.ParentRunner.run(ParentRunner.java:363)
	at org.eclipse.jdt.internal.junit4.runner.JUnit4TestReference.run(JUnit4TestReference.java:93)
	at org.eclipse.jdt.internal.junit.runner.TestExecution.run(TestExecution.java:40)
	at org.eclipse.jdt.internal.junit.runner.RemoteTestRunner.runTests(RemoteTestRunner.java:529)
	at org.eclipse.jdt.internal.junit.runner.RemoteTestRunner.runTests(RemoteTestRunner.java:756)
	at org.eclipse.jdt.internal.junit.runner.RemoteTestRunner.run(RemoteTestRunner.java:452)
	at org.eclipse.jdt.internal.junit.runner.RemoteTestRunner.main(RemoteTestRunner.java:210)
]]></failure>
</testcase>
<testcase classname="Login Feature" name="Login with invalid credentials 2" time="8.270282">
<failure message="io.github.bonigarcia.wdm.config.WebDriverManagerException: io.github.bonigarcia.wdm.config.WebDriverManagerException: Error HTTP 404 executing https://msedgewebdriverstorage.blob.core.windows.net/edgewebdriver/129.0.2792.76/edgedriver_win32.zip&#13;&#10;&#9;at io.github.bonigarcia.wdm.WebDriverManager.handleException(WebDriverManager.java:749)&#13;&#10;&#9;at io.github.bonigarcia.wdm.WebDriverManager.manage(WebDriverManager.java:555)&#13;&#10;&#9;at io.github.bonigarcia.wdm.WebDriverManager.handleException(WebDriverManager.java:746)&#13;&#10;&#9;at io.github.bonigarcia.wdm.WebDriverManager.manage(WebDriverManager.java:555)&#13;&#10;&#9;at io.github.bonigarcia.wdm.WebDriverManager.setup(WebDriverManager.java:285)&#13;&#10;&#9;at org.utility.BaseClass.launchBrowser(BaseClass.java:47)&#13;&#10;&#9;at org.stepdefinition.LoginFeature.user_launch_adactin_application_and_sees_home_page(LoginFeature.java:17)&#13;&#10;&#9;at ✽.User launch adactin application and sees home page(file:src/test/resources/FeatureFile/Login.feature:9)&#13;&#10;Caused by: io.github.bonigarcia.wdm.config.WebDriverManagerException: Error HTTP 404 executing https://msedgewebdriverstorage.blob.core.windows.net/edgewebdriver/129.0.2792.76/edgedriver_win32.zip&#13;&#10;&#9;at io.github.bonigarcia.wdm.online.HttpClient.execute(HttpClient.java:152)&#13;&#10;&#9;at io.github.bonigarcia.wdm.online.Downloader.downloadAndExtract(Downloader.java:131)&#13;&#10;&#9;at io.github.bonigarcia.wdm.online.Downloader.download(Downloader.java:88)&#13;&#10;&#9;at io.github.bonigarcia.wdm.WebDriverManager.download(WebDriverManager.java:630)&#13;&#10;&#9;at io.github.bonigarcia.wdm.WebDriverManager.manage(WebDriverManager.java:549)&#13;&#10;&#9;at io.github.bonigarcia.wdm.WebDriverManager.handleException(WebDriverManager.java:746)&#13;&#10;&#9;at io.github.bonigarcia.wdm.WebDriverManager.manage(WebDriverManager.java:555)&#13;&#10;&#9;at io.github.bonigarcia.wdm.WebDriverManager.setup(WebDriverManager.java:285)&#13;&#10;&#9;at org.utility.BaseClass.launchBrowser(BaseClass.java:47)&#13;&#10;&#9;at org.stepdefinition.LoginFeature.user_launch_adactin_application_and_sees_home_page(LoginFeature.java:17)&#13;&#10;&#9;at sun.reflect.NativeMethodAccessorImpl.invoke0(Native Method)&#13;&#10;&#9;at sun.reflect.NativeMethodAccessorImpl.invoke(NativeMethodAccessorImpl.java:62)&#13;&#10;&#9;at sun.reflect.DelegatingMethodAccessorImpl.invoke(DelegatingMethodAccessorImpl.java:43)&#13;&#10;&#9;at java.lang.reflect.Method.invoke(Method.java:498)&#13;&#10;&#9;at cucumber.runtime.Utils$1.call(Utils.java:26)&#13;&#10;&#9;at cucumber.runtime.Timeout.timeout(Timeout.java:16)&#13;&#10;&#9;at cucumber.runtime.Utils.invoke(Utils.java:20)&#13;&#10;&#9;at cucumber.runtime.java.JavaStepDefinition.execute(JavaStepDefinition.java:57)&#13;&#10;&#9;at cucumber.runner.PickleStepDefinitionMatch.runStep(PickleStepDefinitionMatch.java:50)&#13;&#10;&#9;at cucumber.runner.TestStep.executeStep(TestStep.java:65)&#13;&#10;&#9;at cucumber.runner.TestStep.run(TestStep.java:50)&#13;&#10;&#9;at cucumber.runner.PickleStepTestStep.run(PickleStepTestStep.java:43)&#13;&#10;&#9;at cucumber.runner.TestCase.run(TestCase.java:46)&#13;&#10;&#9;at cucumber.runner.Runner.runPickle(Runner.java:50)&#13;&#10;&#9;at io.cucumber.junit.PickleRunners$NoStepDescriptions.run(PickleRunners.java:146)&#13;&#10;&#9;at io.cucumber.junit.FeatureRunner.runChild(FeatureRunner.java:68)&#13;&#10;&#9;at io.cucumber.junit.FeatureRunner.runChild(FeatureRunner.java:23)&#13;&#10;&#9;at org.junit.runners.ParentRunner$3.run(ParentRunner.java:290)&#13;&#10;&#9;at org.junit.runners.ParentRunner$1.schedule(ParentRunner.java:71)&#13;&#10;&#9;at org.junit.runners.ParentRunner.runChildren(ParentRunner.java:288)&#13;&#10;&#9;at org.junit.runners.ParentRunner.access$000(ParentRunner.java:58)&#13;&#10;&#9;at org.junit.runners.ParentRunner$2.evaluate(ParentRunner.java:268)&#13;&#10;&#9;at org.junit.runners.ParentRunner.run(ParentRunner.java:363)&#13;&#10;&#9;at io.cucumber.junit.Cucumber.runChild(Cucumber.java:144)&#13;&#10;&#9;at io.cucumber.junit.Cucumber.runChild(Cucumber.java:65)&#13;&#10;&#9;at org.junit.runners.ParentRunner$3.run(ParentRunner.java:290)&#13;&#10;&#9;at org.junit.runners.ParentRunner$1.schedule(ParentRunner.java:71)&#13;&#10;&#9;at org.junit.runners.ParentRunner.runChildren(ParentRunner.java:288)&#13;&#10;&#9;at org.junit.runners.ParentRunner.access$000(ParentRunner.java:58)&#13;&#10;&#9;at org.junit.runners.ParentRunner$2.evaluate(ParentRunner.java:268)&#13;&#10;&#9;at io.cucumber.junit.Cucumber$RunCucumber.evaluate(Cucumber.java:174)&#13;&#10;&#9;at org.junit.internal.runners.statements.RunAfters.evaluate(RunAfters.java:27)&#13;&#10;&#9;at org.junit.runners.ParentRunner.run(ParentRunner.java:363)&#13;&#10;&#9;at org.eclipse.jdt.internal.junit4.runner.JUnit4TestReference.run(JUnit4TestReference.java:93)&#13;&#10;&#9;at org.eclipse.jdt.internal.junit.runner.TestExecution.run(TestExecution.java:40)&#13;&#10;&#9;at org.eclipse.jdt.internal.junit.runner.RemoteTestRunner.runTests(RemoteTestRunner.java:529)&#13;&#10;&#9;at org.eclipse.jdt.internal.junit.runner.RemoteTestRunner.runTests(RemoteTestRunner.java:756)&#13;&#10;&#9;at org.eclipse.jdt.internal.junit.runner.RemoteTestRunner.run(RemoteTestRunner.java:452)&#13;&#10;&#9;at org.eclipse.jdt.internal.junit.runner.RemoteTestRunner.main(RemoteTestRunner.java:210)&#13;&#10;"><![CDATA[Given User launch adactin application and sees home page....................failed
When User enter "wve" and "evv".............................................skipped
And User clicks Login button................................................skipped
Then User sees error message for unsuccesfull login attempt.................skipped

StackTrace:
io.github.bonigarcia.wdm.config.WebDriverManagerException: io.github.bonigarcia.wdm.config.WebDriverManagerException: Error HTTP 404 executing https://msedgewebdriverstorage.blob.core.windows.net/edgewebdriver/129.0.2792.76/edgedriver_win32.zip
	at io.github.bonigarcia.wdm.WebDriverManager.handleException(WebDriverManager.java:749)
	at io.github.bonigarcia.wdm.WebDriverManager.manage(WebDriverManager.java:555)
	at io.github.bonigarcia.wdm.WebDriverManager.handleException(WebDriverManager.java:746)
	at io.github.bonigarcia.wdm.WebDriverManager.manage(WebDriverManager.java:555)
	at io.github.bonigarcia.wdm.WebDriverManager.setup(WebDriverManager.java:285)
	at org.utility.BaseClass.launchBrowser(BaseClass.java:47)
	at org.stepdefinition.LoginFeature.user_launch_adactin_application_and_sees_home_page(LoginFeature.java:17)
	at ✽.User launch adactin application and sees home page(file:src/test/resources/FeatureFile/Login.feature:9)
Caused by: io.github.bonigarcia.wdm.config.WebDriverManagerException: Error HTTP 404 executing https://msedgewebdriverstorage.blob.core.windows.net/edgewebdriver/129.0.2792.76/edgedriver_win32.zip
	at io.github.bonigarcia.wdm.online.HttpClient.execute(HttpClient.java:152)
	at io.github.bonigarcia.wdm.online.Downloader.downloadAndExtract(Downloader.java:131)
	at io.github.bonigarcia.wdm.online.Downloader.download(Downloader.java:88)
	at io.github.bonigarcia.wdm.WebDriverManager.download(WebDriverManager.java:630)
	at io.github.bonigarcia.wdm.WebDriverManager.manage(WebDriverManager.java:549)
	at io.github.bonigarcia.wdm.WebDriverManager.handleException(WebDriverManager.java:746)
	at io.github.bonigarcia.wdm.WebDriverManager.manage(WebDriverManager.java:555)
	at io.github.bonigarcia.wdm.WebDriverManager.setup(WebDriverManager.java:285)
	at org.utility.BaseClass.launchBrowser(BaseClass.java:47)
	at org.stepdefinition.LoginFeature.user_launch_adactin_application_and_sees_home_page(LoginFeature.java:17)
	at sun.reflect.NativeMethodAccessorImpl.invoke0(Native Method)
	at sun.reflect.NativeMethodAccessorImpl.invoke(NativeMethodAccessorImpl.java:62)
	at sun.reflect.DelegatingMethodAccessorImpl.invoke(DelegatingMethodAccessorImpl.java:43)
	at java.lang.reflect.Method.invoke(Method.java:498)
	at cucumber.runtime.Utils$1.call(Utils.java:26)
	at cucumber.runtime.Timeout.timeout(Timeout.java:16)
	at cucumber.runtime.Utils.invoke(Utils.java:20)
	at cucumber.runtime.java.JavaStepDefinition.execute(JavaStepDefinition.java:57)
	at cucumber.runner.PickleStepDefinitionMatch.runStep(PickleStepDefinitionMatch.java:50)
	at cucumber.runner.TestStep.executeStep(TestStep.java:65)
	at cucumber.runner.TestStep.run(TestStep.java:50)
	at cucumber.runner.PickleStepTestStep.run(PickleStepTestStep.java:43)
	at cucumber.runner.TestCase.run(TestCase.java:46)
	at cucumber.runner.Runner.runPickle(Runner.java:50)
	at io.cucumber.junit.PickleRunners$NoStepDescriptions.run(PickleRunners.java:146)
	at io.cucumber.junit.FeatureRunner.runChild(FeatureRunner.java:68)
	at io.cucumber.junit.FeatureRunner.runChild(FeatureRunner.java:23)
	at org.junit.runners.ParentRunner$3.run(ParentRunner.java:290)
	at org.junit.runners.ParentRunner$1.schedule(ParentRunner.java:71)
	at org.junit.runners.ParentRunner.runChildren(ParentRunner.java:288)
	at org.junit.runners.ParentRunner.access$000(ParentRunner.java:58)
	at org.junit.runners.ParentRunner$2.evaluate(ParentRunner.java:268)
	at org.junit.runners.ParentRunner.run(ParentRunner.java:363)
	at io.cucumber.junit.Cucumber.runChild(Cucumber.java:144)
	at io.cucumber.junit.Cucumber.runChild(Cucumber.java:65)
	at org.junit.runners.ParentRunner$3.run(ParentRunner.java:290)
	at org.junit.runners.ParentRunner$1.schedule(ParentRunner.java:71)
	at org.junit.runners.ParentRunner.runChildren(ParentRunner.java:288)
	at org.junit.runners.ParentRunner.access$000(ParentRunner.java:58)
	at org.junit.runners.ParentRunner$2.evaluate(ParentRunner.java:268)
	at io.cucumber.junit.Cucumber$RunCucumber.evaluate(Cucumber.java:174)
	at org.junit.internal.runners.statements.RunAfters.evaluate(RunAfters.java:27)
	at org.junit.runners.ParentRunner.run(ParentRunner.java:363)
	at org.eclipse.jdt.internal.junit4.runner.JUnit4TestReference.run(JUnit4TestReference.java:93)
	at org.eclipse.jdt.internal.junit.runner.TestExecution.run(TestExecution.java:40)
	at org.eclipse.jdt.internal.junit.runner.RemoteTestRunner.runTests(RemoteTestRunner.java:529)
	at org.eclipse.jdt.internal.junit.runner.RemoteTestRunner.runTests(RemoteTestRunner.java:756)
	at org.eclipse.jdt.internal.junit.runner.RemoteTestRunner.run(RemoteTestRunner.java:452)
	at org.eclipse.jdt.internal.junit.runner.RemoteTestRunner.main(RemoteTestRunner.java:210)
]]></failure>
</testcase>
<testcase classname="Login Feature" name="Login with invalid credentials 3" time="13.499442">
<failure message="io.github.bonigarcia.wdm.config.WebDriverManagerException: io.github.bonigarcia.wdm.config.WebDriverManagerException: Error HTTP 404 executing https://msedgewebdriverstorage.blob.core.windows.net/edgewebdriver/129.0.2792.76/edgedriver_win32.zip&#13;&#10;&#9;at io.github.bonigarcia.wdm.WebDriverManager.handleException(WebDriverManager.java:749)&#13;&#10;&#9;at io.github.bonigarcia.wdm.WebDriverManager.manage(WebDriverManager.java:555)&#13;&#10;&#9;at io.github.bonigarcia.wdm.WebDriverManager.handleException(WebDriverManager.java:746)&#13;&#10;&#9;at io.github.bonigarcia.wdm.WebDriverManager.manage(WebDriverManager.java:555)&#13;&#10;&#9;at io.github.bonigarcia.wdm.WebDriverManager.setup(WebDriverManager.java:285)&#13;&#10;&#9;at org.utility.BaseClass.launchBrowser(BaseClass.java:47)&#13;&#10;&#9;at org.stepdefinition.LoginFeature.user_launch_adactin_application_and_sees_home_page(LoginFeature.java:17)&#13;&#10;&#9;at ✽.User launch adactin application and sees home page(file:src/test/resources/FeatureFile/Login.feature:9)&#13;&#10;Caused by: io.github.bonigarcia.wdm.config.WebDriverManagerException: Error HTTP 404 executing https://msedgewebdriverstorage.blob.core.windows.net/edgewebdriver/129.0.2792.76/edgedriver_win32.zip&#13;&#10;&#9;at io.github.bonigarcia.wdm.online.HttpClient.execute(HttpClient.java:152)&#13;&#10;&#9;at io.github.bonigarcia.wdm.online.Downloader.downloadAndExtract(Downloader.java:131)&#13;&#10;&#9;at io.github.bonigarcia.wdm.online.Downloader.download(Downloader.java:88)&#13;&#10;&#9;at io.github.bonigarcia.wdm.WebDriverManager.download(WebDriverManager.java:630)&#13;&#10;&#9;at io.github.bonigarcia.wdm.WebDriverManager.manage(WebDriverManager.java:549)&#13;&#10;&#9;at io.github.bonigarcia.wdm.WebDriverManager.handleException(WebDriverManager.java:746)&#13;&#10;&#9;at io.github.bonigarcia.wdm.WebDriverManager.manage(WebDriverManager.java:555)&#13;&#10;&#9;at io.github.bonigarcia.wdm.WebDriverManager.setup(WebDriverManager.java:285)&#13;&#10;&#9;at org.utility.BaseClass.launchBrowser(BaseClass.java:47)&#13;&#10;&#9;at org.stepdefinition.LoginFeature.user_launch_adactin_application_and_sees_home_page(LoginFeature.java:17)&#13;&#10;&#9;at sun.reflect.NativeMethodAccessorImpl.invoke0(Native Method)&#13;&#10;&#9;at sun.reflect.NativeMethodAccessorImpl.invoke(NativeMethodAccessorImpl.java:62)&#13;&#10;&#9;at sun.reflect.DelegatingMethodAccessorImpl.invoke(DelegatingMethodAccessorImpl.java:43)&#13;&#10;&#9;at java.lang.reflect.Method.invoke(Method.java:498)&#13;&#10;&#9;at cucumber.runtime.Utils$1.call(Utils.java:26)&#13;&#10;&#9;at cucumber.runtime.Timeout.timeout(Timeout.java:16)&#13;&#10;&#9;at cucumber.runtime.Utils.invoke(Utils.java:20)&#13;&#10;&#9;at cucumber.runtime.java.JavaStepDefinition.execute(JavaStepDefinition.java:57)&#13;&#10;&#9;at cucumber.runner.PickleStepDefinitionMatch.runStep(PickleStepDefinitionMatch.java:50)&#13;&#10;&#9;at cucumber.runner.TestStep.executeStep(TestStep.java:65)&#13;&#10;&#9;at cucumber.runner.TestStep.run(TestStep.java:50)&#13;&#10;&#9;at cucumber.runner.PickleStepTestStep.run(PickleStepTestStep.java:43)&#13;&#10;&#9;at cucumber.runner.TestCase.run(TestCase.java:46)&#13;&#10;&#9;at cucumber.runner.Runner.runPickle(Runner.java:50)&#13;&#10;&#9;at io.cucumber.junit.PickleRunners$NoStepDescriptions.run(PickleRunners.java:146)&#13;&#10;&#9;at io.cucumber.junit.FeatureRunner.runChild(FeatureRunner.java:68)&#13;&#10;&#9;at io.cucumber.junit.FeatureRunner.runChild(FeatureRunner.java:23)&#13;&#10;&#9;at org.junit.runners.ParentRunner$3.run(ParentRunner.java:290)&#13;&#10;&#9;at org.junit.runners.ParentRunner$1.schedule(ParentRunner.java:71)&#13;&#10;&#9;at org.junit.runners.ParentRunner.runChildren(ParentRunner.java:288)&#13;&#10;&#9;at org.junit.runners.ParentRunner.access$000(ParentRunner.java:58)&#13;&#10;&#9;at org.junit.runners.ParentRunner$2.evaluate(ParentRunner.java:268)&#13;&#10;&#9;at org.junit.runners.ParentRunner.run(ParentRunner.java:363)&#13;&#10;&#9;at io.cucumber.junit.Cucumber.runChild(Cucumber.java:144)&#13;&#10;&#9;at io.cucumber.junit.Cucumber.runChild(Cucumber.java:65)&#13;&#10;&#9;at org.junit.runners.ParentRunner$3.run(ParentRunner.java:290)&#13;&#10;&#9;at org.junit.runners.ParentRunner$1.schedule(ParentRunner.java:71)&#13;&#10;&#9;at org.junit.runners.ParentRunner.runChildren(ParentRunner.java:288)&#13;&#10;&#9;at org.junit.runners.ParentRunner.access$000(ParentRunner.java:58)&#13;&#10;&#9;at org.junit.runners.ParentRunner$2.evaluate(ParentRunner.java:268)&#13;&#10;&#9;at io.cucumber.junit.Cucumber$RunCucumber.evaluate(Cucumber.java:174)&#13;&#10;&#9;at org.junit.internal.runners.statements.RunAfters.evaluate(RunAfters.java:27)&#13;&#10;&#9;at org.junit.runners.ParentRunner.run(ParentRunner.java:363)&#13;&#10;&#9;at org.eclipse.jdt.internal.junit4.runner.JUnit4TestReference.run(JUnit4TestReference.java:93)&#13;&#10;&#9;at org.eclipse.jdt.internal.junit.runner.TestExecution.run(TestExecution.java:40)&#13;&#10;&#9;at org.eclipse.jdt.internal.junit.runner.RemoteTestRunner.runTests(RemoteTestRunner.java:529)&#13;&#10;&#9;at org.eclipse.jdt.internal.junit.runner.RemoteTestRunner.runTests(RemoteTestRunner.java:756)&#13;&#10;&#9;at org.eclipse.jdt.internal.junit.runner.RemoteTestRunner.run(RemoteTestRunner.java:452)&#13;&#10;&#9;at org.eclipse.jdt.internal.junit.runner.RemoteTestRunner.main(RemoteTestRunner.java:210)&#13;&#10;"><![CDATA[Given User launch adactin application and sees home page....................failed
When User enter "ecrv" and "ecev"...........................................skipped
And User clicks Login button................................................skipped
Then User sees error message for unsuccesfull login attempt.................skipped

StackTrace:
io.github.bonigarcia.wdm.config.WebDriverManagerException: io.github.bonigarcia.wdm.config.WebDriverManagerException: Error HTTP 404 executing https://msedgewebdriverstorage.blob.core.windows.net/edgewebdriver/129.0.2792.76/edgedriver_win32.zip
	at io.github.bonigarcia.wdm.WebDriverManager.handleException(WebDriverManager.java:749)
	at io.github.bonigarcia.wdm.WebDriverManager.manage(WebDriverManager.java:555)
	at io.github.bonigarcia.wdm.WebDriverManager.handleException(WebDriverManager.java:746)
	at io.github.bonigarcia.wdm.WebDriverManager.manage(WebDriverManager.java:555)
	at io.github.bonigarcia.wdm.WebDriverManager.setup(WebDriverManager.java:285)
	at org.utility.BaseClass.launchBrowser(BaseClass.java:47)
	at org.stepdefinition.LoginFeature.user_launch_adactin_application_and_sees_home_page(LoginFeature.java:17)
	at ✽.User launch adactin application and sees home page(file:src/test/resources/FeatureFile/Login.feature:9)
Caused by: io.github.bonigarcia.wdm.config.WebDriverManagerException: Error HTTP 404 executing https://msedgewebdriverstorage.blob.core.windows.net/edgewebdriver/129.0.2792.76/edgedriver_win32.zip
	at io.github.bonigarcia.wdm.online.HttpClient.execute(HttpClient.java:152)
	at io.github.bonigarcia.wdm.online.Downloader.downloadAndExtract(Downloader.java:131)
	at io.github.bonigarcia.wdm.online.Downloader.download(Downloader.java:88)
	at io.github.bonigarcia.wdm.WebDriverManager.download(WebDriverManager.java:630)
	at io.github.bonigarcia.wdm.WebDriverManager.manage(WebDriverManager.java:549)
	at io.github.bonigarcia.wdm.WebDriverManager.handleException(WebDriverManager.java:746)
	at io.github.bonigarcia.wdm.WebDriverManager.manage(WebDriverManager.java:555)
	at io.github.bonigarcia.wdm.WebDriverManager.setup(WebDriverManager.java:285)
	at org.utility.BaseClass.launchBrowser(BaseClass.java:47)
	at org.stepdefinition.LoginFeature.user_launch_adactin_application_and_sees_home_page(LoginFeature.java:17)
	at sun.reflect.NativeMethodAccessorImpl.invoke0(Native Method)
	at sun.reflect.NativeMethodAccessorImpl.invoke(NativeMethodAccessorImpl.java:62)
	at sun.reflect.DelegatingMethodAccessorImpl.invoke(DelegatingMethodAccessorImpl.java:43)
	at java.lang.reflect.Method.invoke(Method.java:498)
	at cucumber.runtime.Utils$1.call(Utils.java:26)
	at cucumber.runtime.Timeout.timeout(Timeout.java:16)
	at cucumber.runtime.Utils.invoke(Utils.java:20)
	at cucumber.runtime.java.JavaStepDefinition.execute(JavaStepDefinition.java:57)
	at cucumber.runner.PickleStepDefinitionMatch.runStep(PickleStepDefinitionMatch.java:50)
	at cucumber.runner.TestStep.executeStep(TestStep.java:65)
	at cucumber.runner.TestStep.run(TestStep.java:50)
	at cucumber.runner.PickleStepTestStep.run(PickleStepTestStep.java:43)
	at cucumber.runner.TestCase.run(TestCase.java:46)
	at cucumber.runner.Runner.runPickle(Runner.java:50)
	at io.cucumber.junit.PickleRunners$NoStepDescriptions.run(PickleRunners.java:146)
	at io.cucumber.junit.FeatureRunner.runChild(FeatureRunner.java:68)
	at io.cucumber.junit.FeatureRunner.runChild(FeatureRunner.java:23)
	at org.junit.runners.ParentRunner$3.run(ParentRunner.java:290)
	at org.junit.runners.ParentRunner$1.schedule(ParentRunner.java:71)
	at org.junit.runners.ParentRunner.runChildren(ParentRunner.java:288)
	at org.junit.runners.ParentRunner.access$000(ParentRunner.java:58)
	at org.junit.runners.ParentRunner$2.evaluate(ParentRunner.java:268)
	at org.junit.runners.ParentRunner.run(ParentRunner.java:363)
	at io.cucumber.junit.Cucumber.runChild(Cucumber.java:144)
	at io.cucumber.junit.Cucumber.runChild(Cucumber.java:65)
	at org.junit.runners.ParentRunner$3.run(ParentRunner.java:290)
	at org.junit.runners.ParentRunner$1.schedule(ParentRunner.java:71)
	at org.junit.runners.ParentRunner.runChildren(ParentRunner.java:288)
	at org.junit.runners.ParentRunner.access$000(ParentRunner.java:58)
	at org.junit.runners.ParentRunner$2.evaluate(ParentRunner.java:268)
	at io.cucumber.junit.Cucumber$RunCucumber.evaluate(Cucumber.java:174)
	at org.junit.internal.runners.statements.RunAfters.evaluate(RunAfters.java:27)
	at org.junit.runners.ParentRunner.run(ParentRunner.java:363)
	at org.eclipse.jdt.internal.junit4.runner.JUnit4TestReference.run(JUnit4TestReference.java:93)
	at org.eclipse.jdt.internal.junit.runner.TestExecution.run(TestExecution.java:40)
	at org.eclipse.jdt.internal.junit.runner.RemoteTestRunner.runTests(RemoteTestRunner.java:529)
	at org.eclipse.jdt.internal.junit.runner.RemoteTestRunner.runTests(RemoteTestRunner.java:756)
	at org.eclipse.jdt.internal.junit.runner.RemoteTestRunner.run(RemoteTestRunner.java:452)
	at org.eclipse.jdt.internal.junit.runner.RemoteTestRunner.main(RemoteTestRunner.java:210)
]]></failure>
</testcase>
<testcase classname="Login Feature" name="Login with invalid credentials 4" time="21.201442">
<failure message="io.github.bonigarcia.wdm.config.WebDriverManagerException: io.github.bonigarcia.wdm.config.WebDriverManagerException: Error HTTP 404 executing https://msedgewebdriverstorage.blob.core.windows.net/edgewebdriver/129.0.2792.76/edgedriver_win32.zip&#13;&#10;&#9;at io.github.bonigarcia.wdm.WebDriverManager.handleException(WebDriverManager.java:749)&#13;&#10;&#9;at io.github.bonigarcia.wdm.WebDriverManager.manage(WebDriverManager.java:555)&#13;&#10;&#9;at io.github.bonigarcia.wdm.WebDriverManager.handleException(WebDriverManager.java:746)&#13;&#10;&#9;at io.github.bonigarcia.wdm.WebDriverManager.manage(WebDriverManager.java:555)&#13;&#10;&#9;at io.github.bonigarcia.wdm.WebDriverManager.setup(WebDriverManager.java:285)&#13;&#10;&#9;at org.utility.BaseClass.launchBrowser(BaseClass.java:47)&#13;&#10;&#9;at org.stepdefinition.LoginFeature.user_launch_adactin_application_and_sees_home_page(LoginFeature.java:17)&#13;&#10;&#9;at ✽.User launch adactin application and sees home page(file:src/test/resources/FeatureFile/Login.feature:9)&#13;&#10;Caused by: io.github.bonigarcia.wdm.config.WebDriverManagerException: Error HTTP 404 executing https://msedgewebdriverstorage.blob.core.windows.net/edgewebdriver/129.0.2792.76/edgedriver_win32.zip&#13;&#10;&#9;at io.github.bonigarcia.wdm.online.HttpClient.execute(HttpClient.java:152)&#13;&#10;&#9;at io.github.bonigarcia.wdm.online.Downloader.downloadAndExtract(Downloader.java:131)&#13;&#10;&#9;at io.github.bonigarcia.wdm.online.Downloader.download(Downloader.java:88)&#13;&#10;&#9;at io.github.bonigarcia.wdm.WebDriverManager.download(WebDriverManager.java:630)&#13;&#10;&#9;at io.github.bonigarcia.wdm.WebDriverManager.manage(WebDriverManager.java:549)&#13;&#10;&#9;at io.github.bonigarcia.wdm.WebDriverManager.handleException(WebDriverManager.java:746)&#13;&#10;&#9;at io.github.bonigarcia.wdm.WebDriverManager.manage(WebDriverManager.java:555)&#13;&#10;&#9;at io.github.bonigarcia.wdm.WebDriverManager.setup(WebDriverManager.java:285)&#13;&#10;&#9;at org.utility.BaseClass.launchBrowser(BaseClass.java:47)&#13;&#10;&#9;at org.stepdefinition.LoginFeature.user_launch_adactin_application_and_sees_home_page(LoginFeature.java:17)&#13;&#10;&#9;at sun.reflect.NativeMethodAccessorImpl.invoke0(Native Method)&#13;&#10;&#9;at sun.reflect.NativeMethodAccessorImpl.invoke(NativeMethodAccessorImpl.java:62)&#13;&#10;&#9;at sun.reflect.DelegatingMethodAccessorImpl.invoke(DelegatingMethodAccessorImpl.java:43)&#13;&#10;&#9;at java.lang.reflect.Method.invoke(Method.java:498)&#13;&#10;&#9;at cucumber.runtime.Utils$1.call(Utils.java:26)&#13;&#10;&#9;at cucumber.runtime.Timeout.timeout(Timeout.java:16)&#13;&#10;&#9;at cucumber.runtime.Utils.invoke(Utils.java:20)&#13;&#10;&#9;at cucumber.runtime.java.JavaStepDefinition.execute(JavaStepDefinition.java:57)&#13;&#10;&#9;at cucumber.runner.PickleStepDefinitionMatch.runStep(PickleStepDefinitionMatch.java:50)&#13;&#10;&#9;at cucumber.runner.TestStep.executeStep(TestStep.java:65)&#13;&#10;&#9;at cucumber.runner.TestStep.run(TestStep.java:50)&#13;&#10;&#9;at cucumber.runner.PickleStepTestStep.run(PickleStepTestStep.java:43)&#13;&#10;&#9;at cucumber.runner.TestCase.run(TestCase.java:46)&#13;&#10;&#9;at cucumber.runner.Runner.runPickle(Runner.java:50)&#13;&#10;&#9;at io.cucumber.junit.PickleRunners$NoStepDescriptions.run(PickleRunners.java:146)&#13;&#10;&#9;at io.cucumber.junit.FeatureRunner.runChild(FeatureRunner.java:68)&#13;&#10;&#9;at io.cucumber.junit.FeatureRunner.runChild(FeatureRunner.java:23)&#13;&#10;&#9;at org.junit.runners.ParentRunner$3.run(ParentRunner.java:290)&#13;&#10;&#9;at org.junit.runners.ParentRunner$1.schedule(ParentRunner.java:71)&#13;&#10;&#9;at org.junit.runners.ParentRunner.runChildren(ParentRunner.java:288)&#13;&#10;&#9;at org.junit.runners.ParentRunner.access$000(ParentRunner.java:58)&#13;&#10;&#9;at org.junit.runners.ParentRunner$2.evaluate(ParentRunner.java:268)&#13;&#10;&#9;at org.junit.runners.ParentRunner.run(ParentRunner.java:363)&#13;&#10;&#9;at io.cucumber.junit.Cucumber.runChild(Cucumber.java:144)&#13;&#10;&#9;at io.cucumber.junit.Cucumber.runChild(Cucumber.java:65)&#13;&#10;&#9;at org.junit.runners.ParentRunner$3.run(ParentRunner.java:290)&#13;&#10;&#9;at org.junit.runners.ParentRunner$1.schedule(ParentRunner.java:71)&#13;&#10;&#9;at org.junit.runners.ParentRunner.runChildren(ParentRunner.java:288)&#13;&#10;&#9;at org.junit.runners.ParentRunner.access$000(ParentRunner.java:58)&#13;&#10;&#9;at org.junit.runners.ParentRunner$2.evaluate(ParentRunner.java:268)&#13;&#10;&#9;at io.cucumber.junit.Cucumber$RunCucumber.evaluate(Cucumber.java:174)&#13;&#10;&#9;at org.junit.internal.runners.statements.RunAfters.evaluate(RunAfters.java:27)&#13;&#10;&#9;at org.junit.runners.ParentRunner.run(ParentRunner.java:363)&#13;&#10;&#9;at org.eclipse.jdt.internal.junit4.runner.JUnit4TestReference.run(JUnit4TestReference.java:93)&#13;&#10;&#9;at org.eclipse.jdt.internal.junit.runner.TestExecution.run(TestExecution.java:40)&#13;&#10;&#9;at org.eclipse.jdt.internal.junit.runner.RemoteTestRunner.runTests(RemoteTestRunner.java:529)&#13;&#10;&#9;at org.eclipse.jdt.internal.junit.runner.RemoteTestRunner.runTests(RemoteTestRunner.java:756)&#13;&#10;&#9;at org.eclipse.jdt.internal.junit.runner.RemoteTestRunner.run(RemoteTestRunner.java:452)&#13;&#10;&#9;at org.eclipse.jdt.internal.junit.runner.RemoteTestRunner.main(RemoteTestRunner.java:210)&#13;&#10;"><![CDATA[Given User launch adactin application and sees home page....................failed
When User enter "evet" and "evtb"...........................................skipped
And User clicks Login button................................................skipped
Then User sees error message for unsuccesfull login attempt.................skipped

StackTrace:
io.github.bonigarcia.wdm.config.WebDriverManagerException: io.github.bonigarcia.wdm.config.WebDriverManagerException: Error HTTP 404 executing https://msedgewebdriverstorage.blob.core.windows.net/edgewebdriver/129.0.2792.76/edgedriver_win32.zip
	at io.github.bonigarcia.wdm.WebDriverManager.handleException(WebDriverManager.java:749)
	at io.github.bonigarcia.wdm.WebDriverManager.manage(WebDriverManager.java:555)
	at io.github.bonigarcia.wdm.WebDriverManager.handleException(WebDriverManager.java:746)
	at io.github.bonigarcia.wdm.WebDriverManager.manage(WebDriverManager.java:555)
	at io.github.bonigarcia.wdm.WebDriverManager.setup(WebDriverManager.java:285)
	at org.utility.BaseClass.launchBrowser(BaseClass.java:47)
	at org.stepdefinition.LoginFeature.user_launch_adactin_application_and_sees_home_page(LoginFeature.java:17)
	at ✽.User launch adactin application and sees home page(file:src/test/resources/FeatureFile/Login.feature:9)
Caused by: io.github.bonigarcia.wdm.config.WebDriverManagerException: Error HTTP 404 executing https://msedgewebdriverstorage.blob.core.windows.net/edgewebdriver/129.0.2792.76/edgedriver_win32.zip
	at io.github.bonigarcia.wdm.online.HttpClient.execute(HttpClient.java:152)
	at io.github.bonigarcia.wdm.online.Downloader.downloadAndExtract(Downloader.java:131)
	at io.github.bonigarcia.wdm.online.Downloader.download(Downloader.java:88)
	at io.github.bonigarcia.wdm.WebDriverManager.download(WebDriverManager.java:630)
	at io.github.bonigarcia.wdm.WebDriverManager.manage(WebDriverManager.java:549)
	at io.github.bonigarcia.wdm.WebDriverManager.handleException(WebDriverManager.java:746)
	at io.github.bonigarcia.wdm.WebDriverManager.manage(WebDriverManager.java:555)
	at io.github.bonigarcia.wdm.WebDriverManager.setup(WebDriverManager.java:285)
	at org.utility.BaseClass.launchBrowser(BaseClass.java:47)
	at org.stepdefinition.LoginFeature.user_launch_adactin_application_and_sees_home_page(LoginFeature.java:17)
	at sun.reflect.NativeMethodAccessorImpl.invoke0(Native Method)
	at sun.reflect.NativeMethodAccessorImpl.invoke(NativeMethodAccessorImpl.java:62)
	at sun.reflect.DelegatingMethodAccessorImpl.invoke(DelegatingMethodAccessorImpl.java:43)
	at java.lang.reflect.Method.invoke(Method.java:498)
	at cucumber.runtime.Utils$1.call(Utils.java:26)
	at cucumber.runtime.Timeout.timeout(Timeout.java:16)
	at cucumber.runtime.Utils.invoke(Utils.java:20)
	at cucumber.runtime.java.JavaStepDefinition.execute(JavaStepDefinition.java:57)
	at cucumber.runner.PickleStepDefinitionMatch.runStep(PickleStepDefinitionMatch.java:50)
	at cucumber.runner.TestStep.executeStep(TestStep.java:65)
	at cucumber.runner.TestStep.run(TestStep.java:50)
	at cucumber.runner.PickleStepTestStep.run(PickleStepTestStep.java:43)
	at cucumber.runner.TestCase.run(TestCase.java:46)
	at cucumber.runner.Runner.runPickle(Runner.java:50)
	at io.cucumber.junit.PickleRunners$NoStepDescriptions.run(PickleRunners.java:146)
	at io.cucumber.junit.FeatureRunner.runChild(FeatureRunner.java:68)
	at io.cucumber.junit.FeatureRunner.runChild(FeatureRunner.java:23)
	at org.junit.runners.ParentRunner$3.run(ParentRunner.java:290)
	at org.junit.runners.ParentRunner$1.schedule(ParentRunner.java:71)
	at org.junit.runners.ParentRunner.runChildren(ParentRunner.java:288)
	at org.junit.runners.ParentRunner.access$000(ParentRunner.java:58)
	at org.junit.runners.ParentRunner$2.evaluate(ParentRunner.java:268)
	at org.junit.runners.ParentRunner.run(ParentRunner.java:363)
	at io.cucumber.junit.Cucumber.runChild(Cucumber.java:144)
	at io.cucumber.junit.Cucumber.runChild(Cucumber.java:65)
	at org.junit.runners.ParentRunner$3.run(ParentRunner.java:290)
	at org.junit.runners.ParentRunner$1.schedule(ParentRunner.java:71)
	at org.junit.runners.ParentRunner.runChildren(ParentRunner.java:288)
	at org.junit.runners.ParentRunner.access$000(ParentRunner.java:58)
	at org.junit.runners.ParentRunner$2.evaluate(ParentRunner.java:268)
	at io.cucumber.junit.Cucumber$RunCucumber.evaluate(Cucumber.java:174)
	at org.junit.internal.runners.statements.RunAfters.evaluate(RunAfters.java:27)
	at org.junit.runners.ParentRunner.run(ParentRunner.java:363)
	at org.eclipse.jdt.internal.junit4.runner.JUnit4TestReference.run(JUnit4TestReference.java:93)
	at org.eclipse.jdt.internal.junit.runner.TestExecution.run(TestExecution.java:40)
	at org.eclipse.jdt.internal.junit.runner.RemoteTestRunner.runTests(RemoteTestRunner.java:529)
	at org.eclipse.jdt.internal.junit.runner.RemoteTestRunner.runTests(RemoteTestRunner.java:756)
	at org.eclipse.jdt.internal.junit.runner.RemoteTestRunner.run(RemoteTestRunner.java:452)
	at org.eclipse.jdt.internal.junit.runner.RemoteTestRunner.main(RemoteTestRunner.java:210)
]]></failure>
</testcase>
<testcase classname="As a user i want to search for hotel to book" name="To search hotel for various inputs" time="22.526631">
<failure message="io.github.bonigarcia.wdm.config.WebDriverManagerException: io.github.bonigarcia.wdm.config.WebDriverManagerException: Error HTTP 404 executing https://msedgewebdriverstorage.blob.core.windows.net/edgewebdriver/129.0.2792.76/edgedriver_win32.zip&#13;&#10;&#9;at io.github.bonigarcia.wdm.WebDriverManager.handleException(WebDriverManager.java:749)&#13;&#10;&#9;at io.github.bonigarcia.wdm.WebDriverManager.manage(WebDriverManager.java:555)&#13;&#10;&#9;at io.github.bonigarcia.wdm.WebDriverManager.handleException(WebDriverManager.java:746)&#13;&#10;&#9;at io.github.bonigarcia.wdm.WebDriverManager.manage(WebDriverManager.java:555)&#13;&#10;&#9;at io.github.bonigarcia.wdm.WebDriverManager.setup(WebDriverManager.java:285)&#13;&#10;&#9;at org.utility.BaseClass.launchBrowser(BaseClass.java:47)&#13;&#10;&#9;at org.stepdefinition.LoginFeature.user_launch_adactin_application_and_sees_home_page(LoginFeature.java:17)&#13;&#10;&#9;at ✽.User launch adactin application and sees home page(file:src/test/resources/FeatureFile/SearchHotel.feature:7)&#13;&#10;Caused by: io.github.bonigarcia.wdm.config.WebDriverManagerException: Error HTTP 404 executing https://msedgewebdriverstorage.blob.core.windows.net/edgewebdriver/129.0.2792.76/edgedriver_win32.zip&#13;&#10;&#9;at io.github.bonigarcia.wdm.online.HttpClient.execute(HttpClient.java:152)&#13;&#10;&#9;at io.github.bonigarcia.wdm.online.Downloader.downloadAndExtract(Downloader.java:131)&#13;&#10;&#9;at io.github.bonigarcia.wdm.online.Downloader.download(Downloader.java:88)&#13;&#10;&#9;at io.github.bonigarcia.wdm.WebDriverManager.download(WebDriverManager.java:630)&#13;&#10;&#9;at io.github.bonigarcia.wdm.WebDriverManager.manage(WebDriverManager.java:549)&#13;&#10;&#9;at io.github.bonigarcia.wdm.WebDriverManager.handleException(WebDriverManager.java:746)&#13;&#10;&#9;at io.github.bonigarcia.wdm.WebDriverManager.manage(WebDriverManager.java:555)&#13;&#10;&#9;at io.github.bonigarcia.wdm.WebDriverManager.setup(WebDriverManager.java:285)&#13;&#10;&#9;at org.utility.BaseClass.launchBrowser(BaseClass.java:47)&#13;&#10;&#9;at org.stepdefinition.LoginFeature.user_launch_adactin_application_and_sees_home_page(LoginFeature.java:17)&#13;&#10;&#9;at sun.reflect.NativeMethodAccessorImpl.invoke0(Native Method)&#13;&#10;&#9;at sun.reflect.NativeMethodAccessorImpl.invoke(NativeMethodAccessorImpl.java:62)&#13;&#10;&#9;at sun.reflect.DelegatingMethodAccessorImpl.invoke(DelegatingMethodAccessorImpl.java:43)&#13;&#10;&#9;at java.lang.reflect.Method.invoke(Method.java:498)&#13;&#10;&#9;at cucumber.runtime.Utils$1.call(Utils.java:26)&#13;&#10;&#9;at cucumber.runtime.Timeout.timeout(Timeout.java:16)&#13;&#10;&#9;at cucumber.runtime.Utils.invoke(Utils.java:20)&#13;&#10;&#9;at cucumber.runtime.java.JavaStepDefinition.execute(JavaStepDefinition.java:57)&#13;&#10;&#9;at cucumber.runner.PickleStepDefinitionMatch.runStep(PickleStepDefinitionMatch.java:50)&#13;&#10;&#9;at cucumber.runner.TestStep.executeStep(TestStep.java:65)&#13;&#10;&#9;at cucumber.runner.TestStep.run(TestStep.java:50)&#13;&#10;&#9;at cucumber.runner.PickleStepTestStep.run(PickleStepTestStep.java:43)&#13;&#10;&#9;at cucumber.runner.TestCase.run(TestCase.java:46)&#13;&#10;&#9;at cucumber.runner.Runner.runPickle(Runner.java:50)&#13;&#10;&#9;at io.cucumber.junit.PickleRunners$NoStepDescriptions.run(PickleRunners.java:146)&#13;&#10;&#9;at io.cucumber.junit.FeatureRunner.runChild(FeatureRunner.java:68)&#13;&#10;&#9;at io.cucumber.junit.FeatureRunner.runChild(FeatureRunner.java:23)&#13;&#10;&#9;at org.junit.runners.ParentRunner$3.run(ParentRunner.java:290)&#13;&#10;&#9;at org.junit.runners.ParentRunner$1.schedule(ParentRunner.java:71)&#13;&#10;&#9;at org.junit.runners.ParentRunner.runChildren(ParentRunner.java:288)&#13;&#10;&#9;at org.junit.runners.ParentRunner.access$000(ParentRunner.java:58)&#13;&#10;&#9;at org.junit.runners.ParentRunner$2.evaluate(ParentRunner.java:268)&#13;&#10;&#9;at org.junit.runners.ParentRunner.run(ParentRunner.java:363)&#13;&#10;&#9;at io.cucumber.junit.Cucumber.runChild(Cucumber.java:144)&#13;&#10;&#9;at io.cucumber.junit.Cucumber.runChild(Cucumber.java:65)&#13;&#10;&#9;at org.junit.runners.ParentRunner$3.run(ParentRunner.java:290)&#13;&#10;&#9;at org.junit.runners.ParentRunner$1.schedule(ParentRunner.java:71)&#13;&#10;&#9;at org.junit.runners.ParentRunner.runChildren(ParentRunner.java:288)&#13;&#10;&#9;at org.junit.runners.ParentRunner.access$000(ParentRunner.java:58)&#13;&#10;&#9;at org.junit.runners.ParentRunner$2.evaluate(ParentRunner.java:268)&#13;&#10;&#9;at io.cucumber.junit.Cucumber$RunCucumber.evaluate(Cucumber.java:174)&#13;&#10;&#9;at org.junit.internal.runners.statements.RunAfters.evaluate(RunAfters.java:27)&#13;&#10;&#9;at org.junit.runners.ParentRunner.run(ParentRunner.java:363)&#13;&#10;&#9;at org.eclipse.jdt.internal.junit4.runner.JUnit4TestReference.run(JUnit4TestReference.java:93)&#13;&#10;&#9;at org.eclipse.jdt.internal.junit.runner.TestExecution.run(TestExecution.java:40)&#13;&#10;&#9;at org.eclipse.jdt.internal.junit.runner.RemoteTestRunner.runTests(RemoteTestRunner.java:529)&#13;&#10;&#9;at org.eclipse.jdt.internal.junit.runner.RemoteTestRunner.runTests(RemoteTestRunner.java:756)&#13;&#10;&#9;at org.eclipse.jdt.internal.junit.runner.RemoteTestRunner.run(RemoteTestRunner.java:452)&#13;&#10;&#9;at org.eclipse.jdt.internal.junit.runner.RemoteTestRunner.main(RemoteTestRunner.java:210)&#13;&#10;"><![CDATA[Given User launch adactin application and sees home page....................failed
And User enters "username" and "password"...................................skipped
And User clicks Login button................................................skipped
When User selects location, hotel,roomtype and no of rooms..................skipped
And User selects checkin and checkout date..................................skipped
And User selects adults and childs per room.................................skipped
And User clicks search button...............................................skipped
Then user should see results based on his selection and clicks continue button.skipped

StackTrace:
io.github.bonigarcia.wdm.config.WebDriverManagerException: io.github.bonigarcia.wdm.config.WebDriverManagerException: Error HTTP 404 executing https://msedgewebdriverstorage.blob.core.windows.net/edgewebdriver/129.0.2792.76/edgedriver_win32.zip
	at io.github.bonigarcia.wdm.WebDriverManager.handleException(WebDriverManager.java:749)
	at io.github.bonigarcia.wdm.WebDriverManager.manage(WebDriverManager.java:555)
	at io.github.bonigarcia.wdm.WebDriverManager.handleException(WebDriverManager.java:746)
	at io.github.bonigarcia.wdm.WebDriverManager.manage(WebDriverManager.java:555)
	at io.github.bonigarcia.wdm.WebDriverManager.setup(WebDriverManager.java:285)
	at org.utility.BaseClass.launchBrowser(BaseClass.java:47)
	at org.stepdefinition.LoginFeature.user_launch_adactin_application_and_sees_home_page(LoginFeature.java:17)
	at ✽.User launch adactin application and sees home page(file:src/test/resources/FeatureFile/SearchHotel.feature:7)
Caused by: io.github.bonigarcia.wdm.config.WebDriverManagerException: Error HTTP 404 executing https://msedgewebdriverstorage.blob.core.windows.net/edgewebdriver/129.0.2792.76/edgedriver_win32.zip
	at io.github.bonigarcia.wdm.online.HttpClient.execute(HttpClient.java:152)
	at io.github.bonigarcia.wdm.online.Downloader.downloadAndExtract(Downloader.java:131)
	at io.github.bonigarcia.wdm.online.Downloader.download(Downloader.java:88)
	at io.github.bonigarcia.wdm.WebDriverManager.download(WebDriverManager.java:630)
	at io.github.bonigarcia.wdm.WebDriverManager.manage(WebDriverManager.java:549)
	at io.github.bonigarcia.wdm.WebDriverManager.handleException(WebDriverManager.java:746)
	at io.github.bonigarcia.wdm.WebDriverManager.manage(WebDriverManager.java:555)
	at io.github.bonigarcia.wdm.WebDriverManager.setup(WebDriverManager.java:285)
	at org.utility.BaseClass.launchBrowser(BaseClass.java:47)
	at org.stepdefinition.LoginFeature.user_launch_adactin_application_and_sees_home_page(LoginFeature.java:17)
	at sun.reflect.NativeMethodAccessorImpl.invoke0(Native Method)
	at sun.reflect.NativeMethodAccessorImpl.invoke(NativeMethodAccessorImpl.java:62)
	at sun.reflect.DelegatingMethodAccessorImpl.invoke(DelegatingMethodAccessorImpl.java:43)
	at java.lang.reflect.Method.invoke(Method.java:498)
	at cucumber.runtime.Utils$1.call(Utils.java:26)
	at cucumber.runtime.Timeout.timeout(Timeout.java:16)
	at cucumber.runtime.Utils.invoke(Utils.java:20)
	at cucumber.runtime.java.JavaStepDefinition.execute(JavaStepDefinition.java:57)
	at cucumber.runner.PickleStepDefinitionMatch.runStep(PickleStepDefinitionMatch.java:50)
	at cucumber.runner.TestStep.executeStep(TestStep.java:65)
	at cucumber.runner.TestStep.run(TestStep.java:50)
	at cucumber.runner.PickleStepTestStep.run(PickleStepTestStep.java:43)
	at cucumber.runner.TestCase.run(TestCase.java:46)
	at cucumber.runner.Runner.runPickle(Runner.java:50)
	at io.cucumber.junit.PickleRunners$NoStepDescriptions.run(PickleRunners.java:146)
	at io.cucumber.junit.FeatureRunner.runChild(FeatureRunner.java:68)
	at io.cucumber.junit.FeatureRunner.runChild(FeatureRunner.java:23)
	at org.junit.runners.ParentRunner$3.run(ParentRunner.java:290)
	at org.junit.runners.ParentRunner$1.schedule(ParentRunner.java:71)
	at org.junit.runners.ParentRunner.runChildren(ParentRunner.java:288)
	at org.junit.runners.ParentRunner.access$000(ParentRunner.java:58)
	at org.junit.runners.ParentRunner$2.evaluate(ParentRunner.java:268)
	at org.junit.runners.ParentRunner.run(ParentRunner.java:363)
	at io.cucumber.junit.Cucumber.runChild(Cucumber.java:144)
	at io.cucumber.junit.Cucumber.runChild(Cucumber.java:65)
	at org.junit.runners.ParentRunner$3.run(ParentRunner.java:290)
	at org.junit.runners.ParentRunner$1.schedule(ParentRunner.java:71)
	at org.junit.runners.ParentRunner.runChildren(ParentRunner.java:288)
	at org.junit.runners.ParentRunner.access$000(ParentRunner.java:58)
	at org.junit.runners.ParentRunner$2.evaluate(ParentRunner.java:268)
	at io.cucumber.junit.Cucumber$RunCucumber.evaluate(Cucumber.java:174)
	at org.junit.internal.runners.statements.RunAfters.evaluate(RunAfters.java:27)
	at org.junit.runners.ParentRunner.run(ParentRunner.java:363)
	at org.eclipse.jdt.internal.junit4.runner.JUnit4TestReference.run(JUnit4TestReference.java:93)
	at org.eclipse.jdt.internal.junit.runner.TestExecution.run(TestExecution.java:40)
	at org.eclipse.jdt.internal.junit.runner.RemoteTestRunner.runTests(RemoteTestRunner.java:529)
	at org.eclipse.jdt.internal.junit.runner.RemoteTestRunner.runTests(RemoteTestRunner.java:756)
	at org.eclipse.jdt.internal.junit.runner.RemoteTestRunner.run(RemoteTestRunner.java:452)
	at org.eclipse.jdt.internal.junit.runner.RemoteTestRunner.main(RemoteTestRunner.java:210)
]]></failure>
</testcase>
</testsuite>
